2022-07-19 11:06:30 [restartedMain] WARN  com.zaxxer.hikari.HikariConfig - HikariPool-3 - idleTimeout is close to or more than maxLifetime, disabling it.
2022-07-19 11:06:31 [http-nio-8080-exec-1] INFO  o.s.web.servlet.DispatcherServlet - Initializing Servlet 'dispatcherServlet'
2022-07-19 11:06:31 [http-nio-8080-exec-1] DEBUG o.s.web.servlet.DispatcherServlet - Detected StandardServletMultipartResolver
2022-07-19 11:06:31 [http-nio-8080-exec-1] DEBUG o.s.web.servlet.DispatcherServlet - Detected AcceptHeaderLocaleResolver
2022-07-19 11:06:31 [http-nio-8080-exec-1] DEBUG o.s.web.servlet.DispatcherServlet - Detected FixedThemeResolver
2022-07-19 11:06:31 [http-nio-8080-exec-1] DEBUG o.s.w.s.m.m.a.RequestMappingHandlerMapping - 35 mappings in 'requestMappingHandlerMapping'
2022-07-19 11:06:31 [http-nio-8080-exec-1] DEBUG o.s.w.s.h.SimpleUrlHandlerMapping - Patterns [/login, /mainWindow] in 'viewControllerHandlerMapping'
2022-07-19 11:06:31 [http-nio-8080-exec-1] DEBUG o.s.w.s.h.SimpleUrlHandlerMapping - Patterns [/img/**, /css/**, /js/**, /webjars/**] in 'resourceHandlerMapping'
2022-07-19 11:06:31 [http-nio-8080-exec-1] DEBUG o.s.w.s.m.m.a.RequestMappingHandlerAdapter - ControllerAdvice beans: 0 @ModelAttribute, 0 @InitBinder, 1 RequestBodyAdvice, 1 ResponseBodyAdvice
2022-07-19 11:06:31 [http-nio-8080-exec-1] DEBUG o.s.w.s.m.m.a.ExceptionHandlerExceptionResolver - ControllerAdvice beans: 1 @ExceptionHandler, 1 ResponseBodyAdvice
2022-07-19 11:06:31 [http-nio-8080-exec-1] DEBUG o.s.web.servlet.DispatcherServlet - Detected org.springframework.web.servlet.view.DefaultRequestToViewNameTranslator@509636c2
2022-07-19 11:06:31 [http-nio-8080-exec-1] DEBUG o.s.web.servlet.DispatcherServlet - Detected org.springframework.web.servlet.support.SessionFlashMapManager@6e39e1c0
2022-07-19 11:06:31 [http-nio-8080-exec-1] DEBUG o.s.web.servlet.DispatcherServlet - enableLoggingRequestDetails='false': request parameters and headers will be masked to prevent unsafe logging of potentially sensitive data
2022-07-19 11:06:31 [http-nio-8080-exec-1] INFO  o.s.web.servlet.DispatcherServlet - Completed initialization in 53 ms
2022-07-19 11:06:31 [http-nio-8080-exec-1] DEBUG o.s.w.s.m.m.a.RequestMappingHandlerMapping - Mapped to lk.tea_leaves_collector.asset.common_asset.controller.UiController#getLogin()
2022-07-19 11:06:31 [http-nio-8080-exec-1] DEBUG o.s.web.servlet.DispatcherServlet - GET "/login", parameters={}
2022-07-19 11:06:31 [http-nio-8080-exec-1] DEBUG o.s.w.s.m.m.a.RequestMappingHandlerMapping - Mapped to lk.tea_leaves_collector.asset.common_asset.controller.UiController#getLogin()
2022-07-19 11:06:31 [http-nio-8080-exec-1] DEBUG o.s.web.servlet.DispatcherServlet - Completed 200 OK
2022-07-19 11:06:31 [http-nio-8080-exec-2] DEBUG o.s.w.s.m.m.a.RequestMappingHandlerMapping - Mapped to lk.tea_leaves_collector.asset.common_asset.controller.UiController#getLogin()
2022-07-19 11:06:31 [http-nio-8080-exec-2] DEBUG o.s.web.servlet.DispatcherServlet - GET "/login", parameters={}
2022-07-19 11:06:31 [http-nio-8080-exec-2] DEBUG o.s.w.s.m.m.a.RequestMappingHandlerMapping - Mapped to lk.tea_leaves_collector.asset.common_asset.controller.UiController#getLogin()
2022-07-19 11:06:31 [http-nio-8080-exec-2] DEBUG o.s.web.servlet.DispatcherServlet - Completed 200 OK
2022-07-19 11:06:31 [http-nio-8080-exec-5] DEBUG o.s.w.s.h.SimpleUrlHandlerMapping - Mapped to ResourceHttpRequestHandler [classpath [static/css/]]
2022-07-19 11:06:31 [http-nio-8080-exec-3] DEBUG o.s.w.s.h.SimpleUrlHandlerMapping - Mapped to ResourceHttpRequestHandler [ServletContext [/webjars/]]
2022-07-19 11:06:31 [http-nio-8080-exec-4] DEBUG o.s.w.s.h.SimpleUrlHandlerMapping - Mapped to ResourceHttpRequestHandler [ServletContext [/webjars/]]
2022-07-19 11:06:31 [http-nio-8080-exec-5] DEBUG o.s.web.servlet.DispatcherServlet - GET "/css/dataTables.bootstrap.min.css", parameters={}
2022-07-19 11:06:31 [http-nio-8080-exec-4] DEBUG o.s.web.servlet.DispatcherServlet - GET "/webjars/bootstrap/4.4.1/css/bootstrap.min.css", parameters={}
2022-07-19 11:06:31 [http-nio-8080-exec-5] DEBUG o.s.w.s.h.SimpleUrlHandlerMapping - Mapped to ResourceHttpRequestHandler [classpath [static/css/]]
2022-07-19 11:06:31 [http-nio-8080-exec-4] DEBUG o.s.w.s.h.SimpleUrlHandlerMapping - Mapped to ResourceHttpRequestHandler [ServletContext [/webjars/]]
2022-07-19 11:06:31 [http-nio-8080-exec-3] DEBUG o.s.web.servlet.DispatcherServlet - GET "/webjars/chart.js/2.9.3/dist/Chart.min.css", parameters={}
2022-07-19 11:06:31 [http-nio-8080-exec-3] DEBUG o.s.w.s.h.SimpleUrlHandlerMapping - Mapped to ResourceHttpRequestHandler [ServletContext [/webjars/]]
2022-07-19 11:06:31 [http-nio-8080-exec-5] DEBUG o.s.web.servlet.DispatcherServlet - Completed 200 OK
2022-07-19 11:06:31 [http-nio-8080-exec-6] DEBUG o.s.w.s.h.SimpleUrlHandlerMapping - Mapped to ResourceHttpRequestHandler [classpath [static/css/]]
2022-07-19 11:06:31 [http-nio-8080-exec-4] DEBUG o.s.web.servlet.DispatcherServlet - Completed 200 OK
2022-07-19 11:06:31 [http-nio-8080-exec-6] DEBUG o.s.web.servlet.DispatcherServlet - GET "/css/dataTables.bootstrap.min.css", parameters={}
2022-07-19 11:06:31 [http-nio-8080-exec-6] DEBUG o.s.w.s.h.SimpleUrlHandlerMapping - Mapped to ResourceHttpRequestHandler [classpath [static/css/]]
2022-07-19 11:06:31 [http-nio-8080-exec-3] DEBUG o.s.web.servlet.DispatcherServlet - Completed 200 OK
2022-07-19 11:06:31 [http-nio-8080-exec-3] DEBUG o.s.w.s.h.SimpleUrlHandlerMapping - Mapped to ResourceHttpRequestHandler [ServletContext [/webjars/]]
2022-07-19 11:06:31 [http-nio-8080-exec-3] DEBUG o.s.web.servlet.DispatcherServlet - GET "/webjars/bootstrap/4.4.1/css/bootstrap.min.css", parameters={}
2022-07-19 11:06:31 [http-nio-8080-exec-6] DEBUG o.s.web.servlet.DispatcherServlet - Completed 200 OK
2022-07-19 11:06:31 [http-nio-8080-exec-3] DEBUG o.s.w.s.h.SimpleUrlHandlerMapping - Mapped to ResourceHttpRequestHandler [ServletContext [/webjars/]]
2022-07-19 11:06:31 [http-nio-8080-exec-8] DEBUG o.s.w.s.h.SimpleUrlHandlerMapping - Mapped to ResourceHttpRequestHandler [ServletContext [/webjars/]]
2022-07-19 11:06:31 [http-nio-8080-exec-8] DEBUG o.s.web.servlet.DispatcherServlet - GET "/webjars/chart.js/2.9.3/dist/Chart.min.css", parameters={}
2022-07-19 11:06:31 [http-nio-8080-exec-8] DEBUG o.s.w.s.h.SimpleUrlHandlerMapping - Mapped to ResourceHttpRequestHandler [ServletContext [/webjars/]]
2022-07-19 11:06:31 [http-nio-8080-exec-3] DEBUG o.s.web.servlet.DispatcherServlet - Completed 200 OK
2022-07-19 11:06:31 [http-nio-8080-exec-8] DEBUG o.s.web.servlet.DispatcherServlet - Completed 200 OK
2022-07-19 11:06:31 [http-nio-8080-exec-9] DEBUG o.s.w.s.h.SimpleUrlHandlerMapping - Mapped to ResourceHttpRequestHandler [classpath [static/css/]]
2022-07-19 11:06:31 [http-nio-8080-exec-10] DEBUG o.s.w.s.h.SimpleUrlHandlerMapping - Mapped to ResourceHttpRequestHandler [ServletContext [/webjars/]]
2022-07-19 11:06:31 [http-nio-8080-exec-9] DEBUG o.s.web.servlet.DispatcherServlet - GET "/css/image-uploader.min.css", parameters={}
2022-07-19 11:06:31 [http-nio-8080-exec-10] DEBUG o.s.web.servlet.DispatcherServlet - GET "/webjars/font-awesome/5.11.2/css/fontawesome.min.css", parameters={}
2022-07-19 11:06:31 [http-nio-8080-exec-9] DEBUG o.s.w.s.h.SimpleUrlHandlerMapping - Mapped to ResourceHttpRequestHandler [classpath [static/css/]]
2022-07-19 11:06:31 [http-nio-8080-exec-10] DEBUG o.s.w.s.h.SimpleUrlHandlerMapping - Mapped to ResourceHttpRequestHandler [ServletContext [/webjars/]]
2022-07-19 11:06:31 [http-nio-8080-exec-9] DEBUG o.s.web.servlet.DispatcherServlet - Completed 200 OK
2022-07-19 11:06:31 [http-nio-8080-exec-10] DEBUG o.s.web.servlet.DispatcherServlet - Completed 200 OK
2022-07-19 11:06:31 [http-nio-8080-exec-1] DEBUG o.s.w.s.h.SimpleUrlHandlerMapping - Mapped to ResourceHttpRequestHandler [classpath [static/css/]]
2022-07-19 11:06:31 [http-nio-8080-exec-1] DEBUG o.s.web.servlet.DispatcherServlet - GET "/css/floating-labels.css", parameters={}
2022-07-19 11:06:31 [http-nio-8080-exec-1] DEBUG o.s.w.s.h.SimpleUrlHandlerMapping - Mapped to ResourceHttpRequestHandler [classpath [static/css/]]
2022-07-19 11:06:31 [http-nio-8080-exec-1] DEBUG o.s.web.servlet.DispatcherServlet - Completed 200 OK
2022-07-19 11:06:31 [http-nio-8080-exec-2] DEBUG o.s.w.s.h.SimpleUrlHandlerMapping - Mapped to ResourceHttpRequestHandler [ServletContext [/webjars/]]
2022-07-19 11:06:31 [http-nio-8080-exec-5] DEBUG o.s.w.s.h.SimpleUrlHandlerMapping - Mapped to ResourceHttpRequestHandler [classpath [static/css/]]
2022-07-19 11:06:31 [http-nio-8080-exec-2] DEBUG o.s.web.servlet.DispatcherServlet - GET "/webjars/font-awesome/5.11.2/css/fontawesome.min.css", parameters={}
2022-07-19 11:06:31 [http-nio-8080-exec-5] DEBUG o.s.web.servlet.DispatcherServlet - GET "/css/image-uploader.min.css", parameters={}
2022-07-19 11:06:31 [http-nio-8080-exec-5] DEBUG o.s.w.s.h.SimpleUrlHandlerMapping - Mapped to ResourceHttpRequestHandler [classpath [static/css/]]
2022-07-19 11:06:31 [http-nio-8080-exec-2] DEBUG o.s.w.s.h.SimpleUrlHandlerMapping - Mapped to ResourceHttpRequestHandler [ServletContext [/webjars/]]
2022-07-19 11:06:31 [http-nio-8080-exec-5] DEBUG o.s.web.servlet.DispatcherServlet - Completed 200 OK
2022-07-19 11:06:31 [http-nio-8080-exec-2] DEBUG o.s.web.servlet.DispatcherServlet - Completed 200 OK
2022-07-19 11:06:31 [http-nio-8080-exec-4] DEBUG o.s.w.s.h.SimpleUrlHandlerMapping - Mapped to ResourceHttpRequestHandler [classpath [static/css/]]
2022-07-19 11:06:31 [http-nio-8080-exec-4] DEBUG o.s.web.servlet.DispatcherServlet - GET "/css/floating-labels.css", parameters={}
2022-07-19 11:06:31 [http-nio-8080-exec-4] DEBUG o.s.w.s.h.SimpleUrlHandlerMapping - Mapped to ResourceHttpRequestHandler [classpath [static/css/]]
2022-07-19 11:06:31 [http-nio-8080-exec-4] DEBUG o.s.web.servlet.DispatcherServlet - Completed 200 OK
2022-07-19 11:06:31 [http-nio-8080-exec-7] DEBUG o.s.w.s.h.SimpleUrlHandlerMapping - Mapped to ResourceHttpRequestHandler [ServletContext [/webjars/]]
2022-07-19 11:06:31 [http-nio-8080-exec-7] DEBUG o.s.web.servlet.DispatcherServlet - GET "/webjars/bootstrap/4.4.1/css/bootstrap.min.css.map", parameters={}
2022-07-19 11:06:31 [http-nio-8080-exec-7] DEBUG o.s.w.s.h.SimpleUrlHandlerMapping - Mapped to ResourceHttpRequestHandler [ServletContext [/webjars/]]
2022-07-19 11:06:31 [http-nio-8080-exec-6] DEBUG o.s.w.s.h.SimpleUrlHandlerMapping - Mapped to ResourceHttpRequestHandler [classpath [static/css/]]
2022-07-19 11:06:31 [http-nio-8080-exec-6] DEBUG o.s.web.servlet.DispatcherServlet - GET "/css/myCss.css", parameters={}
2022-07-19 11:06:31 [http-nio-8080-exec-6] DEBUG o.s.w.s.h.SimpleUrlHandlerMapping - Mapped to ResourceHttpRequestHandler [classpath [static/css/]]
2022-07-19 11:06:31 [http-nio-8080-exec-6] DEBUG o.s.web.servlet.DispatcherServlet - Completed 200 OK
2022-07-19 11:06:31 [http-nio-8080-exec-7] DEBUG o.s.web.servlet.DispatcherServlet - Completed 200 OK
2022-07-19 11:06:31 [http-nio-8080-exec-8] DEBUG o.s.w.s.h.SimpleUrlHandlerMapping - Mapped to ResourceHttpRequestHandler [ServletContext [/webjars/]]
2022-07-19 11:06:31 [http-nio-8080-exec-3] DEBUG o.s.w.s.h.SimpleUrlHandlerMapping - Mapped to ResourceHttpRequestHandler [ServletContext [/webjars/]]
2022-07-19 11:06:31 [http-nio-8080-exec-3] DEBUG o.s.web.servlet.DispatcherServlet - GET "/webjars/popper.js/2.5.4/umd/popper.min.js", parameters={}
2022-07-19 11:06:31 [http-nio-8080-exec-8] DEBUG o.s.web.servlet.DispatcherServlet - GET "/webjars/jquery/3.5.1/jquery.slim.min.js", parameters={}
2022-07-19 11:06:31 [http-nio-8080-exec-3] DEBUG o.s.w.s.h.SimpleUrlHandlerMapping - Mapped to ResourceHttpRequestHandler [ServletContext [/webjars/]]
2022-07-19 11:06:31 [http-nio-8080-exec-8] DEBUG o.s.w.s.h.SimpleUrlHandlerMapping - Mapped to ResourceHttpRequestHandler [ServletContext [/webjars/]]
2022-07-19 11:06:31 [http-nio-8080-exec-3] DEBUG o.s.web.servlet.DispatcherServlet - Completed 200 OK
2022-07-19 11:06:31 [http-nio-8080-exec-9] DEBUG o.s.w.s.h.SimpleUrlHandlerMapping - Mapped to ResourceHttpRequestHandler [ServletContext [/webjars/]]
2022-07-19 11:06:31 [http-nio-8080-exec-8] DEBUG o.s.web.servlet.DispatcherServlet - Completed 200 OK
2022-07-19 11:06:31 [http-nio-8080-exec-9] DEBUG o.s.web.servlet.DispatcherServlet - GET "/webjars/bootstrap/4.4.1/js/bootstrap.min.js", parameters={}
2022-07-19 11:06:31 [http-nio-8080-exec-9] DEBUG o.s.w.s.h.SimpleUrlHandlerMapping - Mapped to ResourceHttpRequestHandler [ServletContext [/webjars/]]
2022-07-19 11:06:31 [http-nio-8080-exec-9] DEBUG o.s.web.servlet.DispatcherServlet - Completed 200 OK
2022-07-19 11:06:31 [http-nio-8080-exec-10] DEBUG o.s.w.s.h.SimpleUrlHandlerMapping - Mapped to ResourceHttpRequestHandler [ServletContext [/webjars/]]
2022-07-19 11:06:31 [http-nio-8080-exec-10] DEBUG o.s.web.servlet.DispatcherServlet - GET "/webjars/bootstrap/4.4.1/css/bootstrap.min.css.map", parameters={}
2022-07-19 11:06:31 [http-nio-8080-exec-10] DEBUG o.s.w.s.h.SimpleUrlHandlerMapping - Mapped to ResourceHttpRequestHandler [ServletContext [/webjars/]]
2022-07-19 11:06:31 [http-nio-8080-exec-1] DEBUG o.s.w.s.h.SimpleUrlHandlerMapping - Mapped to ResourceHttpRequestHandler [classpath [static/css/]]
2022-07-19 11:06:31 [http-nio-8080-exec-5] DEBUG o.s.w.s.h.SimpleUrlHandlerMapping - Mapped to ResourceHttpRequestHandler [ServletContext [/webjars/]]
2022-07-19 11:06:31 [http-nio-8080-exec-2] DEBUG o.s.w.s.h.SimpleUrlHandlerMapping - Mapped to ResourceHttpRequestHandler [ServletContext [/webjars/]]
2022-07-19 11:06:31 [http-nio-8080-exec-1] DEBUG o.s.web.servlet.DispatcherServlet - GET "/css/myCss.css", parameters={}
2022-07-19 11:06:31 [http-nio-8080-exec-5] DEBUG o.s.web.servlet.DispatcherServlet - GET "/webjars/jquery/3.5.1/jquery.slim.min.js", parameters={}
2022-07-19 11:06:31 [http-nio-8080-exec-2] DEBUG o.s.web.servlet.DispatcherServlet - GET "/webjars/font-awesome/5.11.2/js/all.min.js", parameters={}
2022-07-19 11:06:31 [http-nio-8080-exec-5] DEBUG o.s.w.s.h.SimpleUrlHandlerMapping - Mapped to ResourceHttpRequestHandler [ServletContext [/webjars/]]
2022-07-19 11:06:31 [http-nio-8080-exec-2] DEBUG o.s.w.s.h.SimpleUrlHandlerMapping - Mapped to ResourceHttpRequestHandler [ServletContext [/webjars/]]
2022-07-19 11:06:31 [http-nio-8080-exec-1] DEBUG o.s.w.s.h.SimpleUrlHandlerMapping - Mapped to ResourceHttpRequestHandler [classpath [static/css/]]
2022-07-19 11:06:31 [http-nio-8080-exec-1] DEBUG o.s.web.servlet.DispatcherServlet - Completed 200 OK
2022-07-19 11:06:31 [http-nio-8080-exec-5] DEBUG o.s.web.servlet.DispatcherServlet - Completed 200 OK
2022-07-19 11:06:31 [http-nio-8080-exec-10] DEBUG o.s.web.servlet.DispatcherServlet - Completed 200 OK
2022-07-19 11:06:31 [http-nio-8080-exec-4] DEBUG o.s.w.s.h.SimpleUrlHandlerMapping - Mapped to ResourceHttpRequestHandler [ServletContext [/webjars/]]
2022-07-19 11:06:31 [http-nio-8080-exec-6] DEBUG o.s.w.s.h.SimpleUrlHandlerMapping - Mapped to ResourceHttpRequestHandler [ServletContext [/webjars/]]
2022-07-19 11:06:31 [http-nio-8080-exec-6] DEBUG o.s.web.servlet.DispatcherServlet - GET "/webjars/chart.js/2.9.3/dist/Chart.min.js", parameters={}
2022-07-19 11:06:31 [http-nio-8080-exec-4] DEBUG o.s.web.servlet.DispatcherServlet - GET "/webjars/popper.js/2.5.4/umd/popper.min.js", parameters={}
2022-07-19 11:06:31 [http-nio-8080-exec-6] DEBUG o.s.w.s.h.SimpleUrlHandlerMapping - Mapped to ResourceHttpRequestHandler [ServletContext [/webjars/]]
2022-07-19 11:06:31 [http-nio-8080-exec-4] DEBUG o.s.w.s.h.SimpleUrlHandlerMapping - Mapped to ResourceHttpRequestHandler [ServletContext [/webjars/]]
2022-07-19 11:06:31 [http-nio-8080-exec-4] DEBUG o.s.web.servlet.DispatcherServlet - Completed 200 OK
2022-07-19 11:06:31 [http-nio-8080-exec-6] DEBUG o.s.web.servlet.DispatcherServlet - Completed 200 OK
2022-07-19 11:06:31 [http-nio-8080-exec-2] DEBUG o.s.web.servlet.DispatcherServlet - Completed 200 OK
2022-07-19 11:06:31 [http-nio-8080-exec-7] DEBUG o.s.w.s.h.SimpleUrlHandlerMapping - Mapped to ResourceHttpRequestHandler [ServletContext [/webjars/]]
2022-07-19 11:06:31 [http-nio-8080-exec-7] DEBUG o.s.web.servlet.DispatcherServlet - GET "/webjars/chart.js/2.9.3/dist/Chart.bundle.min.js", parameters={}
2022-07-19 11:06:31 [http-nio-8080-exec-7] DEBUG o.s.w.s.h.SimpleUrlHandlerMapping - Mapped to ResourceHttpRequestHandler [ServletContext [/webjars/]]
2022-07-19 11:06:31 [http-nio-8080-exec-7] DEBUG o.s.web.servlet.DispatcherServlet - Completed 200 OK
2022-07-19 11:06:31 [http-nio-8080-exec-3] DEBUG o.s.w.s.h.SimpleUrlHandlerMapping - Mapped to ResourceHttpRequestHandler [classpath [static/js/]]
2022-07-19 11:06:31 [http-nio-8080-exec-3] DEBUG o.s.web.servlet.DispatcherServlet - GET "/js/sweetalert.js", parameters={}
2022-07-19 11:06:31 [http-nio-8080-exec-3] DEBUG o.s.w.s.h.SimpleUrlHandlerMapping - Mapped to ResourceHttpRequestHandler [classpath [static/js/]]
2022-07-19 11:06:31 [http-nio-8080-exec-3] DEBUG o.s.web.servlet.DispatcherServlet - Completed 200 OK
2022-07-19 11:06:31 [http-nio-8080-exec-8] DEBUG o.s.w.s.h.SimpleUrlHandlerMapping - Mapped to ResourceHttpRequestHandler [classpath [static/js/]]
2022-07-19 11:06:31 [http-nio-8080-exec-5] DEBUG o.s.w.s.h.SimpleUrlHandlerMapping - Mapped to ResourceHttpRequestHandler [ServletContext [/webjars/]]
2022-07-19 11:06:31 [http-nio-8080-exec-9] DEBUG o.s.w.s.h.SimpleUrlHandlerMapping - Mapped to ResourceHttpRequestHandler [ServletContext [/webjars/]]
2022-07-19 11:06:31 [http-nio-8080-exec-8] DEBUG o.s.web.servlet.DispatcherServlet - GET "/js/pagination.js", parameters={}
2022-07-19 11:06:31 [http-nio-8080-exec-5] DEBUG o.s.web.servlet.DispatcherServlet - GET "/webjars/font-awesome/5.11.2/js/all.min.js", parameters={}
2022-07-19 11:06:31 [http-nio-8080-exec-8] DEBUG o.s.w.s.h.SimpleUrlHandlerMapping - Mapped to ResourceHttpRequestHandler [classpath [static/js/]]
2022-07-19 11:06:31 [http-nio-8080-exec-5] DEBUG o.s.w.s.h.SimpleUrlHandlerMapping - Mapped to ResourceHttpRequestHandler [ServletContext [/webjars/]]
2022-07-19 11:06:31 [http-nio-8080-exec-9] DEBUG o.s.web.servlet.DispatcherServlet - GET "/webjars/bootstrap/4.4.1/js/bootstrap.min.js", parameters={}
2022-07-19 11:06:31 [http-nio-8080-exec-9] DEBUG o.s.w.s.h.SimpleUrlHandlerMapping - Mapped to ResourceHttpRequestHandler [ServletContext [/webjars/]]
2022-07-19 11:06:31 [http-nio-8080-exec-8] DEBUG o.s.web.servlet.DispatcherServlet - Completed 200 OK
2022-07-19 11:06:31 [http-nio-8080-exec-9] DEBUG o.s.web.servlet.DispatcherServlet - Completed 200 OK
2022-07-19 11:06:31 [http-nio-8080-exec-1] DEBUG o.s.w.s.h.SimpleUrlHandlerMapping - Mapped to ResourceHttpRequestHandler [ServletContext [/webjars/]]
2022-07-19 11:06:31 [http-nio-8080-exec-1] DEBUG o.s.web.servlet.DispatcherServlet - GET "/webjars/chart.js/2.9.3/dist/Chart.min.js", parameters={}
2022-07-19 11:06:31 [http-nio-8080-exec-1] DEBUG o.s.w.s.h.SimpleUrlHandlerMapping - Mapped to ResourceHttpRequestHandler [ServletContext [/webjars/]]
2022-07-19 11:06:31 [http-nio-8080-exec-5] DEBUG o.s.web.servlet.DispatcherServlet - Completed 200 OK
2022-07-19 11:06:31 [http-nio-8080-exec-1] DEBUG o.s.web.servlet.DispatcherServlet - Completed 200 OK
2022-07-19 11:06:31 [http-nio-8080-exec-4] DEBUG o.s.w.s.h.SimpleUrlHandlerMapping - Mapped to ResourceHttpRequestHandler [ServletContext [/webjars/]]
2022-07-19 11:06:31 [http-nio-8080-exec-4] DEBUG o.s.web.servlet.DispatcherServlet - GET "/webjars/popper.js/2.5.4/umd/popper.min.js.map", parameters={}
2022-07-19 11:06:31 [http-nio-8080-exec-10] DEBUG o.s.w.s.h.SimpleUrlHandlerMapping - Mapped to ResourceHttpRequestHandler [ServletContext [/webjars/]]
2022-07-19 11:06:31 [http-nio-8080-exec-4] DEBUG o.s.w.s.h.SimpleUrlHandlerMapping - Mapped to ResourceHttpRequestHandler [ServletContext [/webjars/]]
2022-07-19 11:06:31 [http-nio-8080-exec-10] DEBUG o.s.web.servlet.DispatcherServlet - GET "/webjars/popper.js/2.5.4/umd/popper.min.js.map", parameters={}
2022-07-19 11:06:31 [http-nio-8080-exec-10] DEBUG o.s.w.s.h.SimpleUrlHandlerMapping - Mapped to ResourceHttpRequestHandler [ServletContext [/webjars/]]
2022-07-19 11:06:31 [http-nio-8080-exec-6] DEBUG o.s.w.s.h.SimpleUrlHandlerMapping - Mapped to ResourceHttpRequestHandler [ServletContext [/webjars/]]
2022-07-19 11:06:31 [http-nio-8080-exec-6] DEBUG o.s.web.servlet.DispatcherServlet - GET "/webjars/bootstrap/4.4.1/js/bootstrap.min.js.map", parameters={}
2022-07-19 11:06:31 [http-nio-8080-exec-6] DEBUG o.s.w.s.h.SimpleUrlHandlerMapping - Mapped to ResourceHttpRequestHandler [ServletContext [/webjars/]]
2022-07-19 11:06:31 [http-nio-8080-exec-2] DEBUG o.s.w.s.h.SimpleUrlHandlerMapping - Mapped to ResourceHttpRequestHandler [classpath [static/img/]]
2022-07-19 11:06:31 [http-nio-8080-exec-2] DEBUG o.s.web.servlet.DispatcherServlet - GET "/img/logging_back.jpeg", parameters={}
2022-07-19 11:06:31 [http-nio-8080-exec-2] DEBUG o.s.w.s.h.SimpleUrlHandlerMapping - Mapped to ResourceHttpRequestHandler [classpath [static/img/]]
2022-07-19 11:06:31 [http-nio-8080-exec-4] DEBUG o.s.web.servlet.DispatcherServlet - Completed 200 OK
2022-07-19 11:06:31 [http-nio-8080-exec-6] DEBUG o.s.web.servlet.DispatcherServlet - Completed 200 OK
2022-07-19 11:06:31 [http-nio-8080-exec-2] DEBUG o.s.web.servlet.DispatcherServlet - Completed 200 OK
2022-07-19 11:06:31 [http-nio-8080-exec-10] DEBUG o.s.web.servlet.DispatcherServlet - Completed 200 OK
2022-07-19 11:06:31 [http-nio-8080-exec-3] DEBUG o.s.w.s.h.SimpleUrlHandlerMapping - Mapped to ResourceHttpRequestHandler [ServletContext [/webjars/]]
2022-07-19 11:06:31 [http-nio-8080-exec-7] DEBUG o.s.w.s.h.SimpleUrlHandlerMapping - Mapped to ResourceHttpRequestHandler [ServletContext [/webjars/]]
2022-07-19 11:06:31 [http-nio-8080-exec-3] DEBUG o.s.web.servlet.DispatcherServlet - GET "/webjars/bootstrap/4.4.1/js/bootstrap.min.js.map", parameters={}
2022-07-19 11:06:31 [http-nio-8080-exec-7] DEBUG o.s.web.servlet.DispatcherServlet - GET "/webjars/chart.js/2.9.3/dist/Chart.bundle.min.js", parameters={}
2022-07-19 11:06:31 [http-nio-8080-exec-3] DEBUG o.s.w.s.h.SimpleUrlHandlerMapping - Mapped to ResourceHttpRequestHandler [ServletContext [/webjars/]]
2022-07-19 11:06:31 [http-nio-8080-exec-7] DEBUG o.s.w.s.h.SimpleUrlHandlerMapping - Mapped to ResourceHttpRequestHandler [ServletContext [/webjars/]]
2022-07-19 11:06:31 [http-nio-8080-exec-3] DEBUG o.s.web.servlet.DispatcherServlet - Completed 200 OK
2022-07-19 11:06:31 [http-nio-8080-exec-7] DEBUG o.s.web.servlet.DispatcherServlet - Completed 200 OK
2022-07-19 11:06:31 [http-nio-8080-exec-8] DEBUG o.s.w.s.h.SimpleUrlHandlerMapping - Mapped to ResourceHttpRequestHandler [classpath [static/js/]]
2022-07-19 11:06:31 [http-nio-8080-exec-8] DEBUG o.s.web.servlet.DispatcherServlet - GET "/js/myJs.js", parameters={}
2022-07-19 11:06:31 [http-nio-8080-exec-8] DEBUG o.s.w.s.h.SimpleUrlHandlerMapping - Mapped to ResourceHttpRequestHandler [classpath [static/js/]]
2022-07-19 11:06:31 [http-nio-8080-exec-8] DEBUG o.s.web.servlet.DispatcherServlet - Completed 200 OK
2022-07-19 11:06:31 [http-nio-8080-exec-9] DEBUG o.s.w.s.h.SimpleUrlHandlerMapping - Mapped to ResourceHttpRequestHandler [classpath [static/js/]]
2022-07-19 11:06:31 [http-nio-8080-exec-9] DEBUG o.s.web.servlet.DispatcherServlet - GET "/js/image-uploader.min.js", parameters={}
2022-07-19 11:06:31 [http-nio-8080-exec-9] DEBUG o.s.w.s.h.SimpleUrlHandlerMapping - Mapped to ResourceHttpRequestHandler [classpath [static/js/]]
2022-07-19 11:06:31 [http-nio-8080-exec-9] DEBUG o.s.web.servlet.DispatcherServlet - Completed 200 OK
2022-07-19 11:06:31 [http-nio-8080-exec-5] DEBUG o.s.w.s.h.SimpleUrlHandlerMapping - Mapped to ResourceHttpRequestHandler [classpath [static/js/]]
2022-07-19 11:06:31 [http-nio-8080-exec-5] DEBUG o.s.web.servlet.DispatcherServlet - GET "/js/sweetalert.js", parameters={}
2022-07-19 11:06:31 [http-nio-8080-exec-5] DEBUG o.s.w.s.h.SimpleUrlHandlerMapping - Mapped to ResourceHttpRequestHandler [classpath [static/js/]]
2022-07-19 11:06:31 [http-nio-8080-exec-5] DEBUG o.s.web.servlet.DispatcherServlet - Completed 200 OK
2022-07-19 11:06:31 [http-nio-8080-exec-1] DEBUG o.s.w.s.h.SimpleUrlHandlerMapping - Mapped to ResourceHttpRequestHandler [classpath [static/js/]]
2022-07-19 11:06:31 [http-nio-8080-exec-1] DEBUG o.s.web.servlet.DispatcherServlet - GET "/js/pagination.js", parameters={}
2022-07-19 11:06:31 [http-nio-8080-exec-1] DEBUG o.s.w.s.h.SimpleUrlHandlerMapping - Mapped to ResourceHttpRequestHandler [classpath [static/js/]]
2022-07-19 11:06:31 [http-nio-8080-exec-1] DEBUG o.s.web.servlet.DispatcherServlet - Completed 200 OK
2022-07-19 11:06:31 [http-nio-8080-exec-4] DEBUG o.s.w.s.h.SimpleUrlHandlerMapping - Mapped to ResourceHttpRequestHandler [classpath [static/js/]]
2022-07-19 11:06:31 [http-nio-8080-exec-4] DEBUG o.s.web.servlet.DispatcherServlet - GET "/js/myJs.js", parameters={}
2022-07-19 11:06:31 [http-nio-8080-exec-4] DEBUG o.s.w.s.h.SimpleUrlHandlerMapping - Mapped to ResourceHttpRequestHandler [classpath [static/js/]]
2022-07-19 11:06:31 [http-nio-8080-exec-4] DEBUG o.s.web.servlet.DispatcherServlet - Completed 200 OK
2022-07-19 11:06:31 [http-nio-8080-exec-6] DEBUG o.s.w.s.h.SimpleUrlHandlerMapping - Mapped to ResourceHttpRequestHandler [classpath [static/js/]]
2022-07-19 11:06:31 [http-nio-8080-exec-6] DEBUG o.s.web.servlet.DispatcherServlet - GET "/js/image-uploader.min.js", parameters={}
2022-07-19 11:06:31 [http-nio-8080-exec-6] DEBUG o.s.w.s.h.SimpleUrlHandlerMapping - Mapped to ResourceHttpRequestHandler [classpath [static/js/]]
2022-07-19 11:06:31 [http-nio-8080-exec-6] DEBUG o.s.web.servlet.DispatcherServlet - Completed 200 OK
2022-07-19 11:06:31 [http-nio-8080-exec-2] DEBUG o.s.w.s.h.SimpleUrlHandlerMapping - Mapped to ResourceHttpRequestHandler [classpath [static/img/]]
2022-07-19 11:06:31 [http-nio-8080-exec-2] DEBUG o.s.web.servlet.DispatcherServlet - GET "/img/logging_back.jpeg", parameters={}
2022-07-19 11:06:31 [http-nio-8080-exec-2] DEBUG o.s.w.s.h.SimpleUrlHandlerMapping - Mapped to ResourceHttpRequestHandler [classpath [static/img/]]
2022-07-19 11:06:31 [http-nio-8080-exec-2] DEBUG o.s.web.servlet.DispatcherServlet - Completed 200 OK
2022-07-19 11:06:31 [http-nio-8080-exec-10] DEBUG o.s.w.s.h.SimpleUrlHandlerMapping - Mapped to ResourceHttpRequestHandler [classpath [static/img/]]
2022-07-19 11:06:31 [http-nio-8080-exec-10] DEBUG o.s.web.servlet.DispatcherServlet - GET "/img/favicon.ico", parameters={}
2022-07-19 11:06:31 [http-nio-8080-exec-10] DEBUG o.s.w.s.h.SimpleUrlHandlerMapping - Mapped to ResourceHttpRequestHandler [classpath [static/img/]]
2022-07-19 11:06:31 [http-nio-8080-exec-10] DEBUG o.s.web.servlet.DispatcherServlet - Completed 200 OK
2022-07-19 11:06:31 [http-nio-8080-exec-3] DEBUG o.s.w.s.h.SimpleUrlHandlerMapping - Mapped to ResourceHttpRequestHandler [classpath [static/img/]]
2022-07-19 11:06:31 [http-nio-8080-exec-3] DEBUG o.s.web.servlet.DispatcherServlet - GET "/img/favicon.ico", parameters={}
2022-07-19 11:06:31 [http-nio-8080-exec-3] DEBUG o.s.w.s.h.SimpleUrlHandlerMapping - Mapped to ResourceHttpRequestHandler [classpath [static/img/]]
2022-07-19 11:06:31 [http-nio-8080-exec-3] DEBUG o.s.web.servlet.DispatcherServlet - Completed 200 OK
2022-07-19 11:06:32 [http-nio-8080-exec-7] DEBUG o.s.w.s.h.SimpleUrlHandlerMapping - Mapped to ResourceHttpRequestHandler [classpath [static/img/]]
2022-07-19 11:06:32 [http-nio-8080-exec-7] DEBUG o.s.web.servlet.DispatcherServlet - GET "/img/favicon.ico", parameters={}
2022-07-19 11:06:32 [http-nio-8080-exec-7] DEBUG o.s.w.s.h.SimpleUrlHandlerMapping - Mapped to ResourceHttpRequestHandler [classpath [static/img/]]
2022-07-19 11:06:32 [http-nio-8080-exec-7] DEBUG o.s.web.servlet.DispatcherServlet - Completed 200 OK
2022-07-19 11:06:32 [http-nio-8080-exec-8] DEBUG o.s.w.s.h.SimpleUrlHandlerMapping - Mapped to ResourceHttpRequestHandler [classpath [static/img/]]
2022-07-19 11:06:32 [http-nio-8080-exec-8] DEBUG o.s.web.servlet.DispatcherServlet - GET "/img/favicon.ico", parameters={}
2022-07-19 11:06:32 [http-nio-8080-exec-8] DEBUG o.s.w.s.h.SimpleUrlHandlerMapping - Mapped to ResourceHttpRequestHandler [classpath [static/img/]]
2022-07-19 11:06:32 [http-nio-8080-exec-8] DEBUG o.s.web.servlet.DispatcherServlet - Completed 200 OK
2022-07-19 11:06:33 [http-nio-8080-exec-9] DEBUG o.s.w.s.h.SimpleUrlHandlerMapping - Mapped to ResourceHttpRequestHandler [classpath [static/img/]]
2022-07-19 11:06:33 [http-nio-8080-exec-9] DEBUG o.s.web.servlet.DispatcherServlet - GET "/img/favicon.ico", parameters={}
2022-07-19 11:06:33 [http-nio-8080-exec-9] DEBUG o.s.w.s.h.SimpleUrlHandlerMapping - Mapped to ResourceHttpRequestHandler [classpath [static/img/]]
2022-07-19 11:06:33 [http-nio-8080-exec-9] DEBUG o.s.web.servlet.DispatcherServlet - Completed 200 OK
2022-07-19 11:06:33 [http-nio-8080-exec-5] DEBUG o.s.w.s.h.SimpleUrlHandlerMapping - Mapped to ResourceHttpRequestHandler [classpath [static/img/]]
2022-07-19 11:06:33 [http-nio-8080-exec-5] DEBUG o.s.web.servlet.DispatcherServlet - GET "/img/favicon.ico", parameters={}
2022-07-19 11:06:33 [http-nio-8080-exec-5] DEBUG o.s.w.s.h.SimpleUrlHandlerMapping - Mapped to ResourceHttpRequestHandler [classpath [static/img/]]
2022-07-19 11:06:33 [http-nio-8080-exec-5] DEBUG o.s.web.servlet.DispatcherServlet - Completed 200 OK
2022-07-19 11:07:57 [restartedMain] WARN  com.zaxxer.hikari.HikariConfig - HikariPool-1 - idleTimeout is close to or more than maxLifetime, disabling it.
2022-07-19 11:08:04 [http-nio-8080-exec-1] INFO  o.s.web.servlet.DispatcherServlet - Initializing Servlet 'dispatcherServlet'
2022-07-19 11:08:04 [http-nio-8080-exec-1] DEBUG o.s.web.servlet.DispatcherServlet - Detected StandardServletMultipartResolver
2022-07-19 11:08:04 [http-nio-8080-exec-1] DEBUG o.s.web.servlet.DispatcherServlet - Detected AcceptHeaderLocaleResolver
2022-07-19 11:08:04 [http-nio-8080-exec-1] DEBUG o.s.web.servlet.DispatcherServlet - Detected FixedThemeResolver
2022-07-19 11:08:04 [http-nio-8080-exec-1] DEBUG o.s.w.s.m.m.a.RequestMappingHandlerMapping - 35 mappings in 'requestMappingHandlerMapping'
2022-07-19 11:08:04 [http-nio-8080-exec-1] DEBUG o.s.w.s.h.SimpleUrlHandlerMapping - Patterns [/login, /mainWindow] in 'viewControllerHandlerMapping'
2022-07-19 11:08:04 [http-nio-8080-exec-1] DEBUG o.s.w.s.h.SimpleUrlHandlerMapping - Patterns [/img/**, /css/**, /js/**, /webjars/**] in 'resourceHandlerMapping'
2022-07-19 11:08:04 [http-nio-8080-exec-1] DEBUG o.s.w.s.m.m.a.RequestMappingHandlerAdapter - ControllerAdvice beans: 0 @ModelAttribute, 0 @InitBinder, 1 RequestBodyAdvice, 1 ResponseBodyAdvice
2022-07-19 11:08:04 [http-nio-8080-exec-1] DEBUG o.s.w.s.m.m.a.ExceptionHandlerExceptionResolver - ControllerAdvice beans: 1 @ExceptionHandler, 1 ResponseBodyAdvice
2022-07-19 11:08:04 [http-nio-8080-exec-1] DEBUG o.s.web.servlet.DispatcherServlet - Detected org.springframework.web.servlet.view.DefaultRequestToViewNameTranslator@519ed350
2022-07-19 11:08:04 [http-nio-8080-exec-1] DEBUG o.s.web.servlet.DispatcherServlet - Detected org.springframework.web.servlet.support.SessionFlashMapManager@78ee2edb
2022-07-19 11:08:04 [http-nio-8080-exec-1] DEBUG o.s.web.servlet.DispatcherServlet - enableLoggingRequestDetails='false': request parameters and headers will be masked to prevent unsafe logging of potentially sensitive data
2022-07-19 11:08:04 [http-nio-8080-exec-1] INFO  o.s.web.servlet.DispatcherServlet - Completed initialization in 206 ms
2022-07-19 11:08:04 [http-nio-8080-exec-1] DEBUG o.s.w.s.h.SimpleUrlHandlerMapping - Mapped to ParameterizableViewController [view="login/login"]
2022-07-19 11:08:05 [http-nio-8080-exec-2] DEBUG o.s.w.s.m.m.a.RequestMappingHandlerMapping - Mapped to lk.tea_leaves_collector.asset.common_asset.controller.UiController#getHome(Model)
2022-07-19 11:08:05 [http-nio-8080-exec-2] DEBUG o.s.web.servlet.DispatcherServlet - GET "/mainWindow", parameters={}
2022-07-19 11:08:05 [http-nio-8080-exec-2] DEBUG o.s.w.s.m.m.a.RequestMappingHandlerMapping - Mapped to lk.tea_leaves_collector.asset.common_asset.controller.UiController#getHome(Model)
2022-07-19 11:08:05 [http-nio-8080-exec-2] DEBUG o.s.web.servlet.DispatcherServlet - Completed 200 OK
2022-07-19 11:08:05 [http-nio-8080-exec-3] DEBUG o.s.w.s.h.SimpleUrlHandlerMapping - Mapped to ResourceHttpRequestHandler [ServletContext [/webjars/]]
2022-07-19 11:08:05 [http-nio-8080-exec-3] DEBUG o.s.web.servlet.DispatcherServlet - GET "/webjars/bootstrap/4.4.1/css/bootstrap.min.css", parameters={}
2022-07-19 11:08:05 [http-nio-8080-exec-3] DEBUG o.s.w.s.h.SimpleUrlHandlerMapping - Mapped to ResourceHttpRequestHandler [ServletContext [/webjars/]]
2022-07-19 11:08:05 [http-nio-8080-exec-4] DEBUG o.s.w.s.h.SimpleUrlHandlerMapping - Mapped to ResourceHttpRequestHandler [ServletContext [/webjars/]]
2022-07-19 11:08:05 [http-nio-8080-exec-7] DEBUG o.s.w.s.h.SimpleUrlHandlerMapping - Mapped to ResourceHttpRequestHandler [ServletContext [/webjars/]]
2022-07-19 11:08:05 [http-nio-8080-exec-4] DEBUG o.s.web.servlet.DispatcherServlet - GET "/webjars/chart.js/2.9.3/dist/Chart.min.css", parameters={}
2022-07-19 11:08:05 [http-nio-8080-exec-7] DEBUG o.s.web.servlet.DispatcherServlet - GET "/webjars/font-awesome/5.11.2/css/fontawesome.min.css", parameters={}
2022-07-19 11:08:05 [http-nio-8080-exec-4] DEBUG o.s.w.s.h.SimpleUrlHandlerMapping - Mapped to ResourceHttpRequestHandler [ServletContext [/webjars/]]
2022-07-19 11:08:05 [http-nio-8080-exec-5] DEBUG o.s.w.s.h.SimpleUrlHandlerMapping - Mapped to ResourceHttpRequestHandler [classpath [static/css/]]
2022-07-19 11:08:05 [http-nio-8080-exec-5] DEBUG o.s.web.servlet.DispatcherServlet - GET "/css/dataTables.bootstrap.min.css", parameters={}
2022-07-19 11:08:05 [http-nio-8080-exec-5] DEBUG o.s.w.s.h.SimpleUrlHandlerMapping - Mapped to ResourceHttpRequestHandler [classpath [static/css/]]
2022-07-19 11:08:05 [http-nio-8080-exec-6] DEBUG o.s.w.s.h.SimpleUrlHandlerMapping - Mapped to ResourceHttpRequestHandler [classpath [static/css/]]
2022-07-19 11:08:05 [http-nio-8080-exec-6] DEBUG o.s.web.servlet.DispatcherServlet - GET "/css/floating-labels.css", parameters={}
2022-07-19 11:08:05 [http-nio-8080-exec-6] DEBUG o.s.w.s.h.SimpleUrlHandlerMapping - Mapped to ResourceHttpRequestHandler [classpath [static/css/]]
2022-07-19 11:08:05 [http-nio-8080-exec-8] DEBUG o.s.w.s.h.SimpleUrlHandlerMapping - Mapped to ResourceHttpRequestHandler [classpath [static/css/]]
2022-07-19 11:08:05 [http-nio-8080-exec-7] DEBUG o.s.w.s.h.SimpleUrlHandlerMapping - Mapped to ResourceHttpRequestHandler [ServletContext [/webjars/]]
2022-07-19 11:08:05 [http-nio-8080-exec-6] DEBUG o.s.web.servlet.DispatcherServlet - Completed 200 OK
2022-07-19 11:08:05 [http-nio-8080-exec-8] DEBUG o.s.web.servlet.DispatcherServlet - GET "/css/image-uploader.min.css", parameters={}
2022-07-19 11:08:05 [http-nio-8080-exec-8] DEBUG o.s.w.s.h.SimpleUrlHandlerMapping - Mapped to ResourceHttpRequestHandler [classpath [static/css/]]
2022-07-19 11:08:05 [http-nio-8080-exec-8] DEBUG o.s.web.servlet.DispatcherServlet - Completed 200 OK
2022-07-19 11:08:05 [http-nio-8080-exec-8] DEBUG o.s.w.s.h.SimpleUrlHandlerMapping - Mapped to ResourceHttpRequestHandler [ServletContext [/webjars/]]
2022-07-19 11:08:05 [http-nio-8080-exec-5] DEBUG o.s.web.servlet.DispatcherServlet - Completed 200 OK
2022-07-19 11:08:05 [http-nio-8080-exec-6] DEBUG o.s.w.s.h.SimpleUrlHandlerMapping - Mapped to ResourceHttpRequestHandler [classpath [static/css/]]
2022-07-19 11:08:05 [http-nio-8080-exec-8] DEBUG o.s.web.servlet.DispatcherServlet - GET "/webjars/jquery/3.5.1/jquery.slim.min.js", parameters={}
2022-07-19 11:08:05 [http-nio-8080-exec-6] DEBUG o.s.web.servlet.DispatcherServlet - GET "/css/myCss.css", parameters={}
2022-07-19 11:08:05 [http-nio-8080-exec-4] DEBUG o.s.web.servlet.DispatcherServlet - Completed 200 OK
2022-07-19 11:08:05 [http-nio-8080-exec-6] DEBUG o.s.w.s.h.SimpleUrlHandlerMapping - Mapped to ResourceHttpRequestHandler [classpath [static/css/]]
2022-07-19 11:08:05 [http-nio-8080-exec-7] DEBUG o.s.web.servlet.DispatcherServlet - Completed 200 OK
2022-07-19 11:08:05 [http-nio-8080-exec-3] DEBUG o.s.web.servlet.DispatcherServlet - Completed 200 OK
2022-07-19 11:08:05 [http-nio-8080-exec-7] DEBUG o.s.w.s.h.SimpleUrlHandlerMapping - Mapped to ResourceHttpRequestHandler [ServletContext [/webjars/]]
2022-07-19 11:08:05 [http-nio-8080-exec-7] DEBUG o.s.web.servlet.DispatcherServlet - GET "/webjars/font-awesome/5.11.2/js/all.min.js", parameters={}
2022-07-19 11:08:05 [http-nio-8080-exec-5] DEBUG o.s.w.s.h.SimpleUrlHandlerMapping - Mapped to ResourceHttpRequestHandler [ServletContext [/webjars/]]
2022-07-19 11:08:05 [http-nio-8080-exec-7] DEBUG o.s.w.s.h.SimpleUrlHandlerMapping - Mapped to ResourceHttpRequestHandler [ServletContext [/webjars/]]
2022-07-19 11:08:05 [http-nio-8080-exec-4] DEBUG o.s.w.s.h.SimpleUrlHandlerMapping - Mapped to ResourceHttpRequestHandler [ServletContext [/webjars/]]
2022-07-19 11:08:05 [http-nio-8080-exec-5] DEBUG o.s.web.servlet.DispatcherServlet - GET "/webjars/bootstrap/4.4.1/js/bootstrap.min.js", parameters={}
2022-07-19 11:08:05 [http-nio-8080-exec-4] DEBUG o.s.web.servlet.DispatcherServlet - GET "/webjars/popper.js/2.5.4/umd/popper.min.js", parameters={}
2022-07-19 11:08:05 [http-nio-8080-exec-4] DEBUG o.s.w.s.h.SimpleUrlHandlerMapping - Mapped to ResourceHttpRequestHandler [ServletContext [/webjars/]]
2022-07-19 11:08:05 [http-nio-8080-exec-8] DEBUG o.s.w.s.h.SimpleUrlHandlerMapping - Mapped to ResourceHttpRequestHandler [ServletContext [/webjars/]]
2022-07-19 11:08:05 [http-nio-8080-exec-4] DEBUG o.s.web.servlet.DispatcherServlet - Completed 200 OK
2022-07-19 11:08:05 [http-nio-8080-exec-6] DEBUG o.s.web.servlet.DispatcherServlet - Completed 200 OK
2022-07-19 11:08:05 [http-nio-8080-exec-9] DEBUG o.s.w.s.h.SimpleUrlHandlerMapping - Mapped to ResourceHttpRequestHandler [ServletContext [/webjars/]]
2022-07-19 11:08:05 [http-nio-8080-exec-6] DEBUG o.s.w.s.h.SimpleUrlHandlerMapping - Mapped to ResourceHttpRequestHandler [ServletContext [/webjars/]]
2022-07-19 11:08:05 [http-nio-8080-exec-9] DEBUG o.s.web.servlet.DispatcherServlet - GET "/webjars/chart.js/2.9.3/dist/Chart.min.js", parameters={}
2022-07-19 11:08:05 [http-nio-8080-exec-6] DEBUG o.s.web.servlet.DispatcherServlet - GET "/webjars/chart.js/2.9.3/dist/Chart.bundle.min.js", parameters={}
2022-07-19 11:08:05 [http-nio-8080-exec-9] DEBUG o.s.w.s.h.SimpleUrlHandlerMapping - Mapped to ResourceHttpRequestHandler [ServletContext [/webjars/]]
2022-07-19 11:08:05 [http-nio-8080-exec-6] DEBUG o.s.w.s.h.SimpleUrlHandlerMapping - Mapped to ResourceHttpRequestHandler [ServletContext [/webjars/]]
2022-07-19 11:08:05 [http-nio-8080-exec-5] DEBUG o.s.w.s.h.SimpleUrlHandlerMapping - Mapped to ResourceHttpRequestHandler [ServletContext [/webjars/]]
2022-07-19 11:08:05 [http-nio-8080-exec-9] DEBUG o.s.web.servlet.DispatcherServlet - Completed 200 OK
2022-07-19 11:08:05 [http-nio-8080-exec-6] DEBUG o.s.web.servlet.DispatcherServlet - Completed 200 OK
2022-07-19 11:08:05 [http-nio-8080-exec-7] DEBUG o.s.web.servlet.DispatcherServlet - Completed 200 OK
2022-07-19 11:08:05 [http-nio-8080-exec-6] DEBUG o.s.w.s.h.SimpleUrlHandlerMapping - Mapped to ResourceHttpRequestHandler [classpath [static/js/]]
2022-07-19 11:08:05 [http-nio-8080-exec-7] DEBUG o.s.w.s.h.SimpleUrlHandlerMapping - Mapped to ResourceHttpRequestHandler [classpath [static/js/]]
2022-07-19 11:08:05 [http-nio-8080-exec-6] DEBUG o.s.web.servlet.DispatcherServlet - GET "/js/myJs.js", parameters={}
2022-07-19 11:08:05 [http-nio-8080-exec-10] DEBUG o.s.w.s.h.SimpleUrlHandlerMapping - Mapped to ResourceHttpRequestHandler [classpath [static/js/]]
2022-07-19 11:08:05 [http-nio-8080-exec-7] DEBUG o.s.web.servlet.DispatcherServlet - GET "/js/image-uploader.min.js", parameters={}
2022-07-19 11:08:05 [http-nio-8080-exec-6] DEBUG o.s.w.s.h.SimpleUrlHandlerMapping - Mapped to ResourceHttpRequestHandler [classpath [static/js/]]
2022-07-19 11:08:05 [http-nio-8080-exec-7] DEBUG o.s.w.s.h.SimpleUrlHandlerMapping - Mapped to ResourceHttpRequestHandler [classpath [static/js/]]
2022-07-19 11:08:05 [http-nio-8080-exec-10] DEBUG o.s.web.servlet.DispatcherServlet - GET "/js/sweetalert.js", parameters={}
2022-07-19 11:08:05 [http-nio-8080-exec-10] DEBUG o.s.w.s.h.SimpleUrlHandlerMapping - Mapped to ResourceHttpRequestHandler [classpath [static/js/]]
2022-07-19 11:08:05 [http-nio-8080-exec-1] DEBUG o.s.w.s.h.SimpleUrlHandlerMapping - Mapped to ResourceHttpRequestHandler [classpath [static/js/]]
2022-07-19 11:08:05 [http-nio-8080-exec-5] DEBUG o.s.web.servlet.DispatcherServlet - Completed 200 OK
2022-07-19 11:08:05 [http-nio-8080-exec-1] DEBUG o.s.web.servlet.DispatcherServlet - GET "/js/pagination.js", parameters={}
2022-07-19 11:08:05 [http-nio-8080-exec-1] DEBUG o.s.w.s.h.SimpleUrlHandlerMapping - Mapped to ResourceHttpRequestHandler [classpath [static/js/]]
2022-07-19 11:08:05 [http-nio-8080-exec-8] DEBUG o.s.web.servlet.DispatcherServlet - Completed 200 OK
2022-07-19 11:08:05 [http-nio-8080-exec-10] DEBUG o.s.web.servlet.DispatcherServlet - Completed 200 OK
2022-07-19 11:08:05 [http-nio-8080-exec-7] DEBUG o.s.web.servlet.DispatcherServlet - Completed 200 OK
2022-07-19 11:08:05 [http-nio-8080-exec-6] DEBUG o.s.web.servlet.DispatcherServlet - Completed 200 OK
2022-07-19 11:08:05 [http-nio-8080-exec-1] DEBUG o.s.web.servlet.DispatcherServlet - Completed 200 OK
2022-07-19 11:08:05 [http-nio-8080-exec-2] DEBUG o.s.w.s.h.SimpleUrlHandlerMapping - Mapped to ResourceHttpRequestHandler [classpath [static/img/]]
2022-07-19 11:08:05 [http-nio-8080-exec-2] DEBUG o.s.web.servlet.DispatcherServlet - GET "/img/mainwindow.jpeg", parameters={}
2022-07-19 11:08:05 [http-nio-8080-exec-2] DEBUG o.s.w.s.h.SimpleUrlHandlerMapping - Mapped to ResourceHttpRequestHandler [classpath [static/img/]]
2022-07-19 11:08:05 [http-nio-8080-exec-2] DEBUG o.s.web.servlet.DispatcherServlet - Completed 200 OK
2022-07-19 11:08:05 [http-nio-8080-exec-3] DEBUG o.s.w.s.h.SimpleUrlHandlerMapping - Mapped to ResourceHttpRequestHandler [ServletContext [/webjars/]]
2022-07-19 11:08:05 [http-nio-8080-exec-3] DEBUG o.s.web.servlet.DispatcherServlet - GET "/webjars/bootstrap/4.4.1/css/bootstrap.min.css.map", parameters={}
2022-07-19 11:08:05 [http-nio-8080-exec-3] DEBUG o.s.w.s.h.SimpleUrlHandlerMapping - Mapped to ResourceHttpRequestHandler [ServletContext [/webjars/]]
2022-07-19 11:08:05 [http-nio-8080-exec-3] DEBUG o.s.web.servlet.DispatcherServlet - Completed 200 OK
2022-07-19 11:08:05 [http-nio-8080-exec-4] DEBUG o.s.w.s.h.SimpleUrlHandlerMapping - Mapped to ResourceHttpRequestHandler [ServletContext [/webjars/]]
2022-07-19 11:08:05 [http-nio-8080-exec-9] DEBUG o.s.w.s.h.SimpleUrlHandlerMapping - Mapped to ResourceHttpRequestHandler [ServletContext [/webjars/]]
2022-07-19 11:08:05 [http-nio-8080-exec-9] DEBUG o.s.web.servlet.DispatcherServlet - GET "/webjars/bootstrap/4.4.1/js/bootstrap.min.js.map", parameters={}
2022-07-19 11:08:05 [http-nio-8080-exec-4] DEBUG o.s.web.servlet.DispatcherServlet - GET "/webjars/popper.js/2.5.4/umd/popper.min.js.map", parameters={}
2022-07-19 11:08:05 [http-nio-8080-exec-9] DEBUG o.s.w.s.h.SimpleUrlHandlerMapping - Mapped to ResourceHttpRequestHandler [ServletContext [/webjars/]]
2022-07-19 11:08:05 [http-nio-8080-exec-4] DEBUG o.s.w.s.h.SimpleUrlHandlerMapping - Mapped to ResourceHttpRequestHandler [ServletContext [/webjars/]]
2022-07-19 11:08:05 [http-nio-8080-exec-4] DEBUG o.s.web.servlet.DispatcherServlet - Completed 200 OK
2022-07-19 11:08:05 [http-nio-8080-exec-9] DEBUG o.s.web.servlet.DispatcherServlet - Completed 200 OK
2022-07-19 11:08:06 [http-nio-8080-exec-5] DEBUG o.s.w.s.h.SimpleUrlHandlerMapping - Mapped to ResourceHttpRequestHandler [classpath [static/img/]]
2022-07-19 11:08:06 [http-nio-8080-exec-5] DEBUG o.s.web.servlet.DispatcherServlet - GET "/img/favicon.ico", parameters={}
2022-07-19 11:08:06 [http-nio-8080-exec-5] DEBUG o.s.w.s.h.SimpleUrlHandlerMapping - Mapped to ResourceHttpRequestHandler [classpath [static/img/]]
2022-07-19 11:08:06 [http-nio-8080-exec-5] DEBUG o.s.web.servlet.DispatcherServlet - Completed 200 OK
2022-07-19 11:08:07 [http-nio-8080-exec-8] DEBUG o.s.w.s.h.SimpleUrlHandlerMapping - Mapped to ResourceHttpRequestHandler [classpath [static/img/]]
2022-07-19 11:08:07 [http-nio-8080-exec-8] DEBUG o.s.web.servlet.DispatcherServlet - GET "/img/favicon.ico", parameters={}
2022-07-19 11:08:07 [http-nio-8080-exec-8] DEBUG o.s.w.s.h.SimpleUrlHandlerMapping - Mapped to ResourceHttpRequestHandler [classpath [static/img/]]
2022-07-19 11:08:07 [http-nio-8080-exec-8] DEBUG o.s.web.servlet.DispatcherServlet - Completed 200 OK
2022-07-19 11:08:37 [http-nio-8080-exec-7] DEBUG o.s.w.s.m.m.a.RequestMappingHandlerMapping - Mapped to lk.tea_leaves_collector.asset.common_asset.controller.UiController#getHome(Model)
2022-07-19 11:08:37 [http-nio-8080-exec-7] DEBUG o.s.web.servlet.DispatcherServlet - GET "/mainWindow", parameters={}
2022-07-19 11:08:37 [http-nio-8080-exec-7] DEBUG o.s.w.s.m.m.a.RequestMappingHandlerMapping - Mapped to lk.tea_leaves_collector.asset.common_asset.controller.UiController#getHome(Model)
2022-07-19 11:08:37 [http-nio-8080-exec-7] DEBUG o.s.web.servlet.DispatcherServlet - Completed 200 OK
2022-07-19 11:08:37 [http-nio-8080-exec-10] DEBUG o.s.w.s.h.SimpleUrlHandlerMapping - Mapped to ResourceHttpRequestHandler [ServletContext [/webjars/]]
2022-07-19 11:08:37 [http-nio-8080-exec-10] DEBUG o.s.web.servlet.DispatcherServlet - GET "/webjars/bootstrap/4.4.1/css/bootstrap.min.css", parameters={}
2022-07-19 11:08:37 [http-nio-8080-exec-10] DEBUG o.s.w.s.h.SimpleUrlHandlerMapping - Mapped to ResourceHttpRequestHandler [ServletContext [/webjars/]]
2022-07-19 11:08:37 [http-nio-8080-exec-10] DEBUG o.s.web.servlet.DispatcherServlet - Completed 200 OK
2022-07-19 11:08:37 [http-nio-8080-exec-2] DEBUG o.s.w.s.h.SimpleUrlHandlerMapping - Mapped to ResourceHttpRequestHandler [ServletContext [/webjars/]]
2022-07-19 11:08:37 [http-nio-8080-exec-6] DEBUG o.s.w.s.h.SimpleUrlHandlerMapping - Mapped to ResourceHttpRequestHandler [ServletContext [/webjars/]]
2022-07-19 11:08:37 [http-nio-8080-exec-2] DEBUG o.s.web.servlet.DispatcherServlet - GET "/webjars/font-awesome/5.11.2/css/fontawesome.min.css", parameters={}
2022-07-19 11:08:37 [http-nio-8080-exec-6] DEBUG o.s.web.servlet.DispatcherServlet - GET "/webjars/chart.js/2.9.3/dist/Chart.min.css", parameters={}
2022-07-19 11:08:37 [http-nio-8080-exec-2] DEBUG o.s.w.s.h.SimpleUrlHandlerMapping - Mapped to ResourceHttpRequestHandler [ServletContext [/webjars/]]
2022-07-19 11:08:37 [http-nio-8080-exec-6] DEBUG o.s.w.s.h.SimpleUrlHandlerMapping - Mapped to ResourceHttpRequestHandler [ServletContext [/webjars/]]
2022-07-19 11:08:37 [http-nio-8080-exec-10] DEBUG o.s.w.s.h.SimpleUrlHandlerMapping - Mapped to ResourceHttpRequestHandler [classpath [static/css/]]
2022-07-19 11:08:37 [http-nio-8080-exec-10] DEBUG o.s.web.servlet.DispatcherServlet - GET "/css/myCss.css", parameters={}
2022-07-19 11:08:37 [http-nio-8080-exec-1] DEBUG o.s.w.s.h.SimpleUrlHandlerMapping - Mapped to ResourceHttpRequestHandler [classpath [static/css/]]
2022-07-19 11:08:37 [http-nio-8080-exec-10] DEBUG o.s.w.s.h.SimpleUrlHandlerMapping - Mapped to ResourceHttpRequestHandler [classpath [static/css/]]
2022-07-19 11:08:37 [http-nio-8080-exec-1] DEBUG o.s.web.servlet.DispatcherServlet - GET "/css/dataTables.bootstrap.min.css", parameters={}
2022-07-19 11:08:37 [http-nio-8080-exec-1] DEBUG o.s.w.s.h.SimpleUrlHandlerMapping - Mapped to ResourceHttpRequestHandler [classpath [static/css/]]
2022-07-19 11:08:37 [http-nio-8080-exec-2] DEBUG o.s.web.servlet.DispatcherServlet - Completed 200 OK
2022-07-19 11:08:37 [http-nio-8080-exec-3] DEBUG o.s.w.s.h.SimpleUrlHandlerMapping - Mapped to ResourceHttpRequestHandler [classpath [static/css/]]
2022-07-19 11:08:37 [http-nio-8080-exec-4] DEBUG o.s.w.s.h.SimpleUrlHandlerMapping - Mapped to ResourceHttpRequestHandler [classpath [static/css/]]
2022-07-19 11:08:37 [http-nio-8080-exec-10] DEBUG o.s.web.servlet.DispatcherServlet - Completed 200 OK
2022-07-19 11:08:37 [http-nio-8080-exec-3] DEBUG o.s.web.servlet.DispatcherServlet - GET "/css/floating-labels.css", parameters={}
2022-07-19 11:08:37 [http-nio-8080-exec-1] DEBUG o.s.web.servlet.DispatcherServlet - Completed 200 OK
2022-07-19 11:08:37 [http-nio-8080-exec-4] DEBUG o.s.web.servlet.DispatcherServlet - GET "/css/image-uploader.min.css", parameters={}
2022-07-19 11:08:37 [http-nio-8080-exec-4] DEBUG o.s.w.s.h.SimpleUrlHandlerMapping - Mapped to ResourceHttpRequestHandler [classpath [static/css/]]
2022-07-19 11:08:37 [http-nio-8080-exec-3] DEBUG o.s.w.s.h.SimpleUrlHandlerMapping - Mapped to ResourceHttpRequestHandler [classpath [static/css/]]
2022-07-19 11:08:37 [http-nio-8080-exec-4] DEBUG o.s.web.servlet.DispatcherServlet - Completed 200 OK
2022-07-19 11:08:37 [http-nio-8080-exec-3] DEBUG o.s.web.servlet.DispatcherServlet - Completed 200 OK
2022-07-19 11:08:37 [http-nio-8080-exec-6] DEBUG o.s.web.servlet.DispatcherServlet - Completed 200 OK
2022-07-19 11:08:37 [http-nio-8080-exec-3] DEBUG o.s.w.s.h.SimpleUrlHandlerMapping - Mapped to ResourceHttpRequestHandler [ServletContext [/webjars/]]
2022-07-19 11:08:37 [http-nio-8080-exec-9] DEBUG o.s.w.s.h.SimpleUrlHandlerMapping - Mapped to ResourceHttpRequestHandler [ServletContext [/webjars/]]
2022-07-19 11:08:37 [http-nio-8080-exec-3] DEBUG o.s.web.servlet.DispatcherServlet - GET "/webjars/bootstrap/4.4.1/js/bootstrap.min.js", parameters={}
2022-07-19 11:08:37 [http-nio-8080-exec-6] DEBUG o.s.w.s.h.SimpleUrlHandlerMapping - Mapped to ResourceHttpRequestHandler [ServletContext [/webjars/]]
2022-07-19 11:08:37 [http-nio-8080-exec-7] DEBUG o.s.w.s.h.SimpleUrlHandlerMapping - Mapped to ResourceHttpRequestHandler [ServletContext [/webjars/]]
2022-07-19 11:08:37 [http-nio-8080-exec-3] DEBUG o.s.w.s.h.SimpleUrlHandlerMapping - Mapped to ResourceHttpRequestHandler [ServletContext [/webjars/]]
2022-07-19 11:08:37 [http-nio-8080-exec-6] DEBUG o.s.web.servlet.DispatcherServlet - GET "/webjars/font-awesome/5.11.2/js/all.min.js", parameters={}
2022-07-19 11:08:37 [http-nio-8080-exec-7] DEBUG o.s.web.servlet.DispatcherServlet - GET "/webjars/popper.js/2.5.4/umd/popper.min.js", parameters={}
2022-07-19 11:08:37 [http-nio-8080-exec-6] DEBUG o.s.w.s.h.SimpleUrlHandlerMapping - Mapped to ResourceHttpRequestHandler [ServletContext [/webjars/]]
2022-07-19 11:08:37 [http-nio-8080-exec-5] DEBUG o.s.w.s.h.SimpleUrlHandlerMapping - Mapped to ResourceHttpRequestHandler [ServletContext [/webjars/]]
2022-07-19 11:08:37 [http-nio-8080-exec-5] DEBUG o.s.web.servlet.DispatcherServlet - GET "/webjars/chart.js/2.9.3/dist/Chart.bundle.min.js", parameters={}
2022-07-19 11:08:37 [http-nio-8080-exec-5] DEBUG o.s.w.s.h.SimpleUrlHandlerMapping - Mapped to ResourceHttpRequestHandler [ServletContext [/webjars/]]
2022-07-19 11:08:37 [http-nio-8080-exec-8] DEBUG o.s.w.s.h.SimpleUrlHandlerMapping - Mapped to ResourceHttpRequestHandler [ServletContext [/webjars/]]
2022-07-19 11:08:37 [http-nio-8080-exec-3] DEBUG o.s.web.servlet.DispatcherServlet - Completed 200 OK
2022-07-19 11:08:37 [http-nio-8080-exec-8] DEBUG o.s.web.servlet.DispatcherServlet - GET "/webjars/chart.js/2.9.3/dist/Chart.min.js", parameters={}
2022-07-19 11:08:37 [http-nio-8080-exec-7] DEBUG o.s.w.s.h.SimpleUrlHandlerMapping - Mapped to ResourceHttpRequestHandler [ServletContext [/webjars/]]
2022-07-19 11:08:37 [http-nio-8080-exec-9] DEBUG o.s.web.servlet.DispatcherServlet - GET "/webjars/jquery/3.5.1/jquery.slim.min.js", parameters={}
2022-07-19 11:08:37 [http-nio-8080-exec-7] DEBUG o.s.web.servlet.DispatcherServlet - Completed 200 OK
2022-07-19 11:08:37 [http-nio-8080-exec-5] DEBUG o.s.web.servlet.DispatcherServlet - Completed 200 OK
2022-07-19 11:08:37 [http-nio-8080-exec-7] DEBUG o.s.w.s.h.SimpleUrlHandlerMapping - Mapped to ResourceHttpRequestHandler [classpath [static/js/]]
2022-07-19 11:08:37 [http-nio-8080-exec-8] DEBUG o.s.w.s.h.SimpleUrlHandlerMapping - Mapped to ResourceHttpRequestHandler [ServletContext [/webjars/]]
2022-07-19 11:08:37 [http-nio-8080-exec-9] DEBUG o.s.w.s.h.SimpleUrlHandlerMapping - Mapped to ResourceHttpRequestHandler [ServletContext [/webjars/]]
2022-07-19 11:08:37 [http-nio-8080-exec-8] DEBUG o.s.web.servlet.DispatcherServlet - Completed 200 OK
2022-07-19 11:08:37 [http-nio-8080-exec-7] DEBUG o.s.web.servlet.DispatcherServlet - GET "/js/sweetalert.js", parameters={}
2022-07-19 11:08:37 [http-nio-8080-exec-7] DEBUG o.s.w.s.h.SimpleUrlHandlerMapping - Mapped to ResourceHttpRequestHandler [classpath [static/js/]]
2022-07-19 11:08:37 [http-nio-8080-exec-9] DEBUG o.s.web.servlet.DispatcherServlet - Completed 200 OK
2022-07-19 11:08:37 [http-nio-8080-exec-7] DEBUG o.s.web.servlet.DispatcherServlet - Completed 200 OK
2022-07-19 11:08:37 [http-nio-8080-exec-10] DEBUG o.s.w.s.h.SimpleUrlHandlerMapping - Mapped to ResourceHttpRequestHandler [classpath [static/js/]]
2022-07-19 11:08:37 [http-nio-8080-exec-10] DEBUG o.s.web.servlet.DispatcherServlet - GET "/js/pagination.js", parameters={}
2022-07-19 11:08:37 [http-nio-8080-exec-10] DEBUG o.s.w.s.h.SimpleUrlHandlerMapping - Mapped to ResourceHttpRequestHandler [classpath [static/js/]]
2022-07-19 11:08:37 [http-nio-8080-exec-1] DEBUG o.s.w.s.h.SimpleUrlHandlerMapping - Mapped to ResourceHttpRequestHandler [classpath [static/js/]]
2022-07-19 11:08:37 [http-nio-8080-exec-1] DEBUG o.s.web.servlet.DispatcherServlet - GET "/js/myJs.js", parameters={}
2022-07-19 11:08:37 [http-nio-8080-exec-1] DEBUG o.s.w.s.h.SimpleUrlHandlerMapping - Mapped to ResourceHttpRequestHandler [classpath [static/js/]]
2022-07-19 11:08:37 [http-nio-8080-exec-10] DEBUG o.s.web.servlet.DispatcherServlet - Completed 200 OK
2022-07-19 11:08:37 [http-nio-8080-exec-6] DEBUG o.s.web.servlet.DispatcherServlet - Completed 200 OK
2022-07-19 11:08:37 [http-nio-8080-exec-1] DEBUG o.s.web.servlet.DispatcherServlet - Completed 200 OK
2022-07-19 11:08:37 [http-nio-8080-exec-4] DEBUG o.s.w.s.h.SimpleUrlHandlerMapping - Mapped to ResourceHttpRequestHandler [classpath [static/js/]]
2022-07-19 11:08:37 [http-nio-8080-exec-4] DEBUG o.s.web.servlet.DispatcherServlet - GET "/js/image-uploader.min.js", parameters={}
2022-07-19 11:08:37 [http-nio-8080-exec-4] DEBUG o.s.w.s.h.SimpleUrlHandlerMapping - Mapped to ResourceHttpRequestHandler [classpath [static/js/]]
2022-07-19 11:08:37 [http-nio-8080-exec-4] DEBUG o.s.web.servlet.DispatcherServlet - Completed 200 OK
2022-07-19 11:08:37 [http-nio-8080-exec-3] DEBUG o.s.w.s.h.SimpleUrlHandlerMapping - Mapped to ResourceHttpRequestHandler [classpath [static/img/]]
2022-07-19 11:08:37 [http-nio-8080-exec-3] DEBUG o.s.web.servlet.DispatcherServlet - GET "/img/mainwindow.jpeg", parameters={}
2022-07-19 11:08:37 [http-nio-8080-exec-3] DEBUG o.s.w.s.h.SimpleUrlHandlerMapping - Mapped to ResourceHttpRequestHandler [classpath [static/img/]]
2022-07-19 11:08:37 [http-nio-8080-exec-3] DEBUG o.s.web.servlet.DispatcherServlet - Completed 200 OK
2022-07-19 11:08:38 [http-nio-8080-exec-2] DEBUG o.s.w.s.h.SimpleUrlHandlerMapping - Mapped to ResourceHttpRequestHandler [ServletContext [/webjars/]]
2022-07-19 11:08:38 [http-nio-8080-exec-2] DEBUG o.s.web.servlet.DispatcherServlet - GET "/webjars/bootstrap/4.4.1/css/bootstrap.min.css.map", parameters={}
2022-07-19 11:08:38 [http-nio-8080-exec-2] DEBUG o.s.w.s.h.SimpleUrlHandlerMapping - Mapped to ResourceHttpRequestHandler [ServletContext [/webjars/]]
2022-07-19 11:08:38 [http-nio-8080-exec-2] DEBUG o.s.web.servlet.DispatcherServlet - Completed 200 OK
2022-07-19 11:08:38 [http-nio-8080-exec-5] DEBUG o.s.w.s.h.SimpleUrlHandlerMapping - Mapped to ResourceHttpRequestHandler [ServletContext [/webjars/]]
2022-07-19 11:08:38 [http-nio-8080-exec-8] DEBUG o.s.w.s.h.SimpleUrlHandlerMapping - Mapped to ResourceHttpRequestHandler [ServletContext [/webjars/]]
2022-07-19 11:08:38 [http-nio-8080-exec-5] DEBUG o.s.web.servlet.DispatcherServlet - GET "/webjars/popper.js/2.5.4/umd/popper.min.js.map", parameters={}
2022-07-19 11:08:38 [http-nio-8080-exec-8] DEBUG o.s.web.servlet.DispatcherServlet - GET "/webjars/bootstrap/4.4.1/js/bootstrap.min.js.map", parameters={}
2022-07-19 11:08:38 [http-nio-8080-exec-5] DEBUG o.s.w.s.h.SimpleUrlHandlerMapping - Mapped to ResourceHttpRequestHandler [ServletContext [/webjars/]]
2022-07-19 11:08:38 [http-nio-8080-exec-8] DEBUG o.s.w.s.h.SimpleUrlHandlerMapping - Mapped to ResourceHttpRequestHandler [ServletContext [/webjars/]]
2022-07-19 11:08:38 [http-nio-8080-exec-5] DEBUG o.s.web.servlet.DispatcherServlet - Completed 200 OK
2022-07-19 11:08:38 [http-nio-8080-exec-8] DEBUG o.s.web.servlet.DispatcherServlet - Completed 200 OK
2022-07-19 11:08:38 [http-nio-8080-exec-9] DEBUG o.s.w.s.h.SimpleUrlHandlerMapping - Mapped to ResourceHttpRequestHandler [classpath [static/img/]]
2022-07-19 11:08:38 [http-nio-8080-exec-9] DEBUG o.s.web.servlet.DispatcherServlet - GET "/img/favicon.ico", parameters={}
2022-07-19 11:08:38 [http-nio-8080-exec-9] DEBUG o.s.w.s.h.SimpleUrlHandlerMapping - Mapped to ResourceHttpRequestHandler [classpath [static/img/]]
2022-07-19 11:08:38 [http-nio-8080-exec-9] DEBUG o.s.web.servlet.DispatcherServlet - Completed 200 OK
2022-07-19 11:08:39 [http-nio-8080-exec-7] DEBUG o.s.w.s.m.m.a.RequestMappingHandlerMapping - Mapped to lk.tea_leaves_collector.asset.common_asset.controller.UiController#getHome(Model)
2022-07-19 11:08:39 [http-nio-8080-exec-7] DEBUG o.s.web.servlet.DispatcherServlet - GET "/mainWindow", parameters={}
2022-07-19 11:08:39 [http-nio-8080-exec-7] DEBUG o.s.w.s.m.m.a.RequestMappingHandlerMapping - Mapped to lk.tea_leaves_collector.asset.common_asset.controller.UiController#getHome(Model)
2022-07-19 11:08:39 [http-nio-8080-exec-7] DEBUG o.s.web.servlet.DispatcherServlet - Completed 200 OK
2022-07-19 11:08:39 [http-nio-8080-exec-10] DEBUG o.s.w.s.h.SimpleUrlHandlerMapping - Mapped to ResourceHttpRequestHandler [ServletContext [/webjars/]]
2022-07-19 11:08:39 [http-nio-8080-exec-10] DEBUG o.s.web.servlet.DispatcherServlet - GET "/webjars/bootstrap/4.4.1/css/bootstrap.min.css", parameters={}
2022-07-19 11:08:39 [http-nio-8080-exec-10] DEBUG o.s.w.s.h.SimpleUrlHandlerMapping - Mapped to ResourceHttpRequestHandler [ServletContext [/webjars/]]
2022-07-19 11:08:39 [http-nio-8080-exec-10] DEBUG o.s.web.servlet.DispatcherServlet - Completed 200 OK
2022-07-19 11:08:39 [http-nio-8080-exec-10] DEBUG o.s.w.s.h.SimpleUrlHandlerMapping - Mapped to ResourceHttpRequestHandler [ServletContext [/webjars/]]
2022-07-19 11:08:39 [http-nio-8080-exec-1] DEBUG o.s.w.s.h.SimpleUrlHandlerMapping - Mapped to ResourceHttpRequestHandler [ServletContext [/webjars/]]
2022-07-19 11:08:39 [http-nio-8080-exec-1] DEBUG o.s.web.servlet.DispatcherServlet - GET "/webjars/font-awesome/5.11.2/css/fontawesome.min.css", parameters={}
2022-07-19 11:08:39 [http-nio-8080-exec-1] DEBUG o.s.w.s.h.SimpleUrlHandlerMapping - Mapped to ResourceHttpRequestHandler [ServletContext [/webjars/]]
2022-07-19 11:08:39 [http-nio-8080-exec-4] DEBUG o.s.w.s.h.SimpleUrlHandlerMapping - Mapped to ResourceHttpRequestHandler [classpath [static/css/]]
2022-07-19 11:08:39 [http-nio-8080-exec-1] DEBUG o.s.web.servlet.DispatcherServlet - Completed 200 OK
2022-07-19 11:08:39 [http-nio-8080-exec-1] DEBUG o.s.w.s.h.SimpleUrlHandlerMapping - Mapped to ResourceHttpRequestHandler [classpath [static/css/]]
2022-07-19 11:08:39 [http-nio-8080-exec-10] DEBUG o.s.web.servlet.DispatcherServlet - GET "/webjars/chart.js/2.9.3/dist/Chart.min.css", parameters={}
2022-07-19 11:08:39 [http-nio-8080-exec-6] DEBUG o.s.w.s.h.SimpleUrlHandlerMapping - Mapped to ResourceHttpRequestHandler [classpath [static/css/]]
2022-07-19 11:08:39 [http-nio-8080-exec-6] DEBUG o.s.web.servlet.DispatcherServlet - GET "/css/image-uploader.min.css", parameters={}
2022-07-19 11:08:39 [http-nio-8080-exec-6] DEBUG o.s.w.s.h.SimpleUrlHandlerMapping - Mapped to ResourceHttpRequestHandler [classpath [static/css/]]
2022-07-19 11:08:39 [http-nio-8080-exec-6] DEBUG o.s.web.servlet.DispatcherServlet - Completed 200 OK
2022-07-19 11:08:39 [http-nio-8080-exec-4] DEBUG o.s.web.servlet.DispatcherServlet - GET "/css/dataTables.bootstrap.min.css", parameters={}
2022-07-19 11:08:39 [http-nio-8080-exec-4] DEBUG o.s.w.s.h.SimpleUrlHandlerMapping - Mapped to ResourceHttpRequestHandler [classpath [static/css/]]
2022-07-19 11:08:39 [http-nio-8080-exec-3] DEBUG o.s.w.s.h.SimpleUrlHandlerMapping - Mapped to ResourceHttpRequestHandler [classpath [static/css/]]
2022-07-19 11:08:39 [http-nio-8080-exec-4] DEBUG o.s.web.servlet.DispatcherServlet - Completed 200 OK
2022-07-19 11:08:39 [http-nio-8080-exec-10] DEBUG o.s.w.s.h.SimpleUrlHandlerMapping - Mapped to ResourceHttpRequestHandler [ServletContext [/webjars/]]
2022-07-19 11:08:39 [http-nio-8080-exec-3] DEBUG o.s.web.servlet.DispatcherServlet - GET "/css/myCss.css", parameters={}
2022-07-19 11:08:39 [http-nio-8080-exec-4] DEBUG o.s.w.s.h.SimpleUrlHandlerMapping - Mapped to ResourceHttpRequestHandler [ServletContext [/webjars/]]
2022-07-19 11:08:39 [http-nio-8080-exec-3] DEBUG o.s.w.s.h.SimpleUrlHandlerMapping - Mapped to ResourceHttpRequestHandler [classpath [static/css/]]
2022-07-19 11:08:39 [http-nio-8080-exec-4] DEBUG o.s.web.servlet.DispatcherServlet - GET "/webjars/bootstrap/4.4.1/js/bootstrap.min.js", parameters={}
2022-07-19 11:08:39 [http-nio-8080-exec-10] DEBUG o.s.web.servlet.DispatcherServlet - Completed 200 OK
2022-07-19 11:08:39 [http-nio-8080-exec-4] DEBUG o.s.w.s.h.SimpleUrlHandlerMapping - Mapped to ResourceHttpRequestHandler [ServletContext [/webjars/]]
2022-07-19 11:08:39 [http-nio-8080-exec-3] DEBUG o.s.web.servlet.DispatcherServlet - Completed 200 OK
2022-07-19 11:08:39 [http-nio-8080-exec-4] DEBUG o.s.web.servlet.DispatcherServlet - Completed 200 OK
2022-07-19 11:08:39 [http-nio-8080-exec-1] DEBUG o.s.web.servlet.DispatcherServlet - GET "/css/floating-labels.css", parameters={}
2022-07-19 11:08:39 [http-nio-8080-exec-1] DEBUG o.s.w.s.h.SimpleUrlHandlerMapping - Mapped to ResourceHttpRequestHandler [classpath [static/css/]]
2022-07-19 11:08:39 [http-nio-8080-exec-2] DEBUG o.s.w.s.h.SimpleUrlHandlerMapping - Mapped to ResourceHttpRequestHandler [ServletContext [/webjars/]]
2022-07-19 11:08:39 [http-nio-8080-exec-1] DEBUG o.s.web.servlet.DispatcherServlet - Completed 200 OK
2022-07-19 11:08:39 [http-nio-8080-exec-2] DEBUG o.s.web.servlet.DispatcherServlet - GET "/webjars/jquery/3.5.1/jquery.slim.min.js", parameters={}
2022-07-19 11:08:39 [http-nio-8080-exec-2] DEBUG o.s.w.s.h.SimpleUrlHandlerMapping - Mapped to ResourceHttpRequestHandler [ServletContext [/webjars/]]
2022-07-19 11:08:39 [http-nio-8080-exec-1] DEBUG o.s.w.s.h.SimpleUrlHandlerMapping - Mapped to ResourceHttpRequestHandler [ServletContext [/webjars/]]
2022-07-19 11:08:39 [http-nio-8080-exec-2] DEBUG o.s.web.servlet.DispatcherServlet - Completed 200 OK
2022-07-19 11:08:39 [http-nio-8080-exec-1] DEBUG o.s.web.servlet.DispatcherServlet - GET "/webjars/popper.js/2.5.4/umd/popper.min.js", parameters={}
2022-07-19 11:08:39 [http-nio-8080-exec-1] DEBUG o.s.w.s.h.SimpleUrlHandlerMapping - Mapped to ResourceHttpRequestHandler [ServletContext [/webjars/]]
2022-07-19 11:08:39 [http-nio-8080-exec-1] DEBUG o.s.web.servlet.DispatcherServlet - Completed 200 OK
2022-07-19 11:08:39 [http-nio-8080-exec-5] DEBUG o.s.w.s.h.SimpleUrlHandlerMapping - Mapped to ResourceHttpRequestHandler [ServletContext [/webjars/]]
2022-07-19 11:08:39 [http-nio-8080-exec-5] DEBUG o.s.web.servlet.DispatcherServlet - GET "/webjars/font-awesome/5.11.2/js/all.min.js", parameters={}
2022-07-19 11:08:39 [http-nio-8080-exec-5] DEBUG o.s.w.s.h.SimpleUrlHandlerMapping - Mapped to ResourceHttpRequestHandler [ServletContext [/webjars/]]
2022-07-19 11:08:39 [http-nio-8080-exec-1] DEBUG o.s.w.s.h.SimpleUrlHandlerMapping - Mapped to ResourceHttpRequestHandler [classpath [static/js/]]
2022-07-19 11:08:39 [http-nio-8080-exec-1] DEBUG o.s.web.servlet.DispatcherServlet - GET "/js/myJs.js", parameters={}
2022-07-19 11:08:39 [http-nio-8080-exec-8] DEBUG o.s.w.s.h.SimpleUrlHandlerMapping - Mapped to ResourceHttpRequestHandler [ServletContext [/webjars/]]
2022-07-19 11:08:39 [http-nio-8080-exec-8] DEBUG o.s.web.servlet.DispatcherServlet - GET "/webjars/chart.js/2.9.3/dist/Chart.bundle.min.js", parameters={}
2022-07-19 11:08:39 [http-nio-8080-exec-8] DEBUG o.s.w.s.h.SimpleUrlHandlerMapping - Mapped to ResourceHttpRequestHandler [ServletContext [/webjars/]]
2022-07-19 11:08:39 [http-nio-8080-exec-8] DEBUG o.s.web.servlet.DispatcherServlet - Completed 200 OK
2022-07-19 11:08:39 [http-nio-8080-exec-8] DEBUG o.s.w.s.h.SimpleUrlHandlerMapping - Mapped to ResourceHttpRequestHandler [ServletContext [/webjars/]]
2022-07-19 11:08:39 [http-nio-8080-exec-8] DEBUG o.s.web.servlet.DispatcherServlet - GET "/webjars/chart.js/2.9.3/dist/Chart.min.js", parameters={}
2022-07-19 11:08:39 [http-nio-8080-exec-8] DEBUG o.s.w.s.h.SimpleUrlHandlerMapping - Mapped to ResourceHttpRequestHandler [ServletContext [/webjars/]]
2022-07-19 11:08:39 [http-nio-8080-exec-1] DEBUG o.s.w.s.h.SimpleUrlHandlerMapping - Mapped to ResourceHttpRequestHandler [classpath [static/js/]]
2022-07-19 11:08:39 [http-nio-8080-exec-8] DEBUG o.s.web.servlet.DispatcherServlet - Completed 200 OK
2022-07-19 11:08:39 [http-nio-8080-exec-8] DEBUG o.s.w.s.h.SimpleUrlHandlerMapping - Mapped to ResourceHttpRequestHandler [classpath [static/js/]]
2022-07-19 11:08:39 [http-nio-8080-exec-1] DEBUG o.s.web.servlet.DispatcherServlet - Completed 200 OK
2022-07-19 11:08:39 [http-nio-8080-exec-8] DEBUG o.s.web.servlet.DispatcherServlet - GET "/js/sweetalert.js", parameters={}
2022-07-19 11:08:39 [http-nio-8080-exec-8] DEBUG o.s.w.s.h.SimpleUrlHandlerMapping - Mapped to ResourceHttpRequestHandler [classpath [static/js/]]
2022-07-19 11:08:39 [http-nio-8080-exec-8] DEBUG o.s.web.servlet.DispatcherServlet - Completed 200 OK
2022-07-19 11:08:39 [http-nio-8080-exec-9] DEBUG o.s.w.s.h.SimpleUrlHandlerMapping - Mapped to ResourceHttpRequestHandler [classpath [static/js/]]
2022-07-19 11:08:39 [http-nio-8080-exec-9] DEBUG o.s.web.servlet.DispatcherServlet - GET "/js/pagination.js", parameters={}
2022-07-19 11:08:39 [http-nio-8080-exec-9] DEBUG o.s.w.s.h.SimpleUrlHandlerMapping - Mapped to ResourceHttpRequestHandler [classpath [static/js/]]
2022-07-19 11:08:39 [http-nio-8080-exec-9] DEBUG o.s.web.servlet.DispatcherServlet - Completed 200 OK
2022-07-19 11:08:39 [http-nio-8080-exec-5] DEBUG o.s.web.servlet.DispatcherServlet - Completed 200 OK
2022-07-19 11:08:39 [http-nio-8080-exec-1] DEBUG o.s.w.s.h.SimpleUrlHandlerMapping - Mapped to ResourceHttpRequestHandler [classpath [static/js/]]
2022-07-19 11:08:39 [http-nio-8080-exec-1] DEBUG o.s.web.servlet.DispatcherServlet - GET "/js/image-uploader.min.js", parameters={}
2022-07-19 11:08:39 [http-nio-8080-exec-1] DEBUG o.s.w.s.h.SimpleUrlHandlerMapping - Mapped to ResourceHttpRequestHandler [classpath [static/js/]]
2022-07-19 11:08:39 [http-nio-8080-exec-1] DEBUG o.s.web.servlet.DispatcherServlet - Completed 200 OK
2022-07-19 11:08:40 [http-nio-8080-exec-8] DEBUG o.s.w.s.h.SimpleUrlHandlerMapping - Mapped to ResourceHttpRequestHandler [classpath [static/img/]]
2022-07-19 11:08:40 [http-nio-8080-exec-8] DEBUG o.s.web.servlet.DispatcherServlet - GET "/img/mainwindow.jpeg", parameters={}
2022-07-19 11:08:40 [http-nio-8080-exec-8] DEBUG o.s.w.s.h.SimpleUrlHandlerMapping - Mapped to ResourceHttpRequestHandler [classpath [static/img/]]
2022-07-19 11:08:40 [http-nio-8080-exec-8] DEBUG o.s.web.servlet.DispatcherServlet - Completed 200 OK
2022-07-19 11:08:40 [http-nio-8080-exec-10] DEBUG o.s.w.s.h.SimpleUrlHandlerMapping - Mapped to ResourceHttpRequestHandler [ServletContext [/webjars/]]
2022-07-19 11:08:40 [http-nio-8080-exec-10] DEBUG o.s.web.servlet.DispatcherServlet - GET "/webjars/bootstrap/4.4.1/css/bootstrap.min.css.map", parameters={}
2022-07-19 11:08:40 [http-nio-8080-exec-10] DEBUG o.s.w.s.h.SimpleUrlHandlerMapping - Mapped to ResourceHttpRequestHandler [ServletContext [/webjars/]]
2022-07-19 11:08:40 [http-nio-8080-exec-10] DEBUG o.s.web.servlet.DispatcherServlet - Completed 200 OK
2022-07-19 11:08:40 [http-nio-8080-exec-3] DEBUG o.s.w.s.h.SimpleUrlHandlerMapping - Mapped to ResourceHttpRequestHandler [ServletContext [/webjars/]]
2022-07-19 11:08:40 [http-nio-8080-exec-4] DEBUG o.s.w.s.h.SimpleUrlHandlerMapping - Mapped to ResourceHttpRequestHandler [ServletContext [/webjars/]]
2022-07-19 11:08:40 [http-nio-8080-exec-3] DEBUG o.s.web.servlet.DispatcherServlet - GET "/webjars/popper.js/2.5.4/umd/popper.min.js.map", parameters={}
2022-07-19 11:08:40 [http-nio-8080-exec-3] DEBUG o.s.w.s.h.SimpleUrlHandlerMapping - Mapped to ResourceHttpRequestHandler [ServletContext [/webjars/]]
2022-07-19 11:08:40 [http-nio-8080-exec-3] DEBUG o.s.web.servlet.DispatcherServlet - Completed 200 OK
2022-07-19 11:08:40 [http-nio-8080-exec-4] DEBUG o.s.web.servlet.DispatcherServlet - GET "/webjars/bootstrap/4.4.1/js/bootstrap.min.js.map", parameters={}
2022-07-19 11:08:40 [http-nio-8080-exec-4] DEBUG o.s.w.s.h.SimpleUrlHandlerMapping - Mapped to ResourceHttpRequestHandler [ServletContext [/webjars/]]
2022-07-19 11:08:40 [http-nio-8080-exec-4] DEBUG o.s.web.servlet.DispatcherServlet - Completed 200 OK
2022-07-19 11:08:40 [http-nio-8080-exec-5] DEBUG o.s.w.s.h.SimpleUrlHandlerMapping - Mapped to ResourceHttpRequestHandler [classpath [static/img/]]
2022-07-19 11:08:40 [http-nio-8080-exec-5] DEBUG o.s.web.servlet.DispatcherServlet - GET "/img/favicon.ico", parameters={}
2022-07-19 11:08:40 [http-nio-8080-exec-5] DEBUG o.s.w.s.h.SimpleUrlHandlerMapping - Mapped to ResourceHttpRequestHandler [classpath [static/img/]]
2022-07-19 11:08:40 [http-nio-8080-exec-5] DEBUG o.s.web.servlet.DispatcherServlet - Completed 200 OK
2022-07-19 11:08:40 [http-nio-8080-exec-7] DEBUG o.s.w.s.h.SimpleUrlHandlerMapping - Mapped to ResourceHttpRequestHandler [classpath [static/img/]]
2022-07-19 11:08:40 [http-nio-8080-exec-7] DEBUG o.s.web.servlet.DispatcherServlet - GET "/img/favicon.ico", parameters={}
2022-07-19 11:08:40 [http-nio-8080-exec-7] DEBUG o.s.w.s.h.SimpleUrlHandlerMapping - Mapped to ResourceHttpRequestHandler [classpath [static/img/]]
2022-07-19 11:08:40 [http-nio-8080-exec-7] DEBUG o.s.web.servlet.DispatcherServlet - Completed 200 OK
2022-07-19 11:08:41 [http-nio-8080-exec-6] DEBUG o.s.w.s.h.SimpleUrlHandlerMapping - Mapped to ResourceHttpRequestHandler [classpath [static/img/]]
2022-07-19 11:08:41 [http-nio-8080-exec-6] DEBUG o.s.web.servlet.DispatcherServlet - GET "/img/favicon.ico", parameters={}
2022-07-19 11:08:41 [http-nio-8080-exec-6] DEBUG o.s.w.s.h.SimpleUrlHandlerMapping - Mapped to ResourceHttpRequestHandler [classpath [static/img/]]
2022-07-19 11:08:41 [http-nio-8080-exec-6] DEBUG o.s.web.servlet.DispatcherServlet - Completed 200 OK
2022-07-19 11:11:42 [restartedMain] WARN  com.zaxxer.hikari.HikariConfig - HikariPool-1 - idleTimeout is close to or more than maxLifetime, disabling it.
2022-07-19 11:11:43 [restartedMain] WARN  o.a.c.c.C.[Tomcat].[localhost].[/] - Cannot deserialize session attribute [SPRING_SECURITY_CONTEXT] for session [3F59210C8CC122DB780BEF045642EB05]
2022-07-19 11:11:52 [http-nio-8080-exec-1] INFO  o.s.web.servlet.DispatcherServlet - Initializing Servlet 'dispatcherServlet'
2022-07-19 11:11:52 [http-nio-8080-exec-1] DEBUG o.s.web.servlet.DispatcherServlet - Detected StandardServletMultipartResolver
2022-07-19 11:11:52 [http-nio-8080-exec-1] DEBUG o.s.web.servlet.DispatcherServlet - Detected AcceptHeaderLocaleResolver
2022-07-19 11:11:52 [http-nio-8080-exec-1] DEBUG o.s.web.servlet.DispatcherServlet - Detected FixedThemeResolver
2022-07-19 11:11:52 [http-nio-8080-exec-1] DEBUG o.s.w.s.m.m.a.RequestMappingHandlerMapping - 35 mappings in 'requestMappingHandlerMapping'
2022-07-19 11:11:52 [http-nio-8080-exec-1] DEBUG o.s.w.s.h.SimpleUrlHandlerMapping - Patterns [/login, /mainWindow] in 'viewControllerHandlerMapping'
2022-07-19 11:11:52 [http-nio-8080-exec-1] DEBUG o.s.w.s.h.SimpleUrlHandlerMapping - Patterns [/img/**, /css/**, /js/**, /webjars/**] in 'resourceHandlerMapping'
2022-07-19 11:11:52 [http-nio-8080-exec-1] DEBUG o.s.w.s.m.m.a.RequestMappingHandlerAdapter - ControllerAdvice beans: 0 @ModelAttribute, 0 @InitBinder, 1 RequestBodyAdvice, 1 ResponseBodyAdvice
2022-07-19 11:11:52 [http-nio-8080-exec-1] DEBUG o.s.w.s.m.m.a.ExceptionHandlerExceptionResolver - ControllerAdvice beans: 1 @ExceptionHandler, 1 ResponseBodyAdvice
2022-07-19 11:11:52 [http-nio-8080-exec-1] DEBUG o.s.web.servlet.DispatcherServlet - Detected org.springframework.web.servlet.view.DefaultRequestToViewNameTranslator@347ce5fa
2022-07-19 11:11:52 [http-nio-8080-exec-1] DEBUG o.s.web.servlet.DispatcherServlet - Detected org.springframework.web.servlet.support.SessionFlashMapManager@7b90a1b7
2022-07-19 11:11:52 [http-nio-8080-exec-1] DEBUG o.s.web.servlet.DispatcherServlet - enableLoggingRequestDetails='false': request parameters and headers will be masked to prevent unsafe logging of potentially sensitive data
2022-07-19 11:11:52 [http-nio-8080-exec-1] INFO  o.s.web.servlet.DispatcherServlet - Completed initialization in 197 ms
2022-07-19 11:11:52 [http-nio-8080-exec-1] DEBUG o.s.w.s.m.m.a.RequestMappingHandlerMapping - Mapped to lk.tea_leaves_collector.asset.common_asset.controller.UiController#getHome(Model)
2022-07-19 11:11:52 [http-nio-8080-exec-2] DEBUG o.s.w.s.m.m.a.RequestMappingHandlerMapping - Mapped to lk.tea_leaves_collector.asset.common_asset.controller.UiController#getLogin()
2022-07-19 11:11:52 [http-nio-8080-exec-2] DEBUG o.s.web.servlet.DispatcherServlet - GET "/login", parameters={}
2022-07-19 11:11:52 [http-nio-8080-exec-2] DEBUG o.s.w.s.m.m.a.RequestMappingHandlerMapping - Mapped to lk.tea_leaves_collector.asset.common_asset.controller.UiController#getLogin()
2022-07-19 11:11:52 [http-nio-8080-exec-2] DEBUG o.s.web.servlet.DispatcherServlet - Completed 200 OK
2022-07-19 11:11:52 [http-nio-8080-exec-5] DEBUG o.s.w.s.h.SimpleUrlHandlerMapping - Mapped to ResourceHttpRequestHandler [classpath [static/css/]]
2022-07-19 11:11:52 [http-nio-8080-exec-6] DEBUG o.s.w.s.h.SimpleUrlHandlerMapping - Mapped to ResourceHttpRequestHandler [ServletContext [/webjars/]]
2022-07-19 11:11:52 [http-nio-8080-exec-6] DEBUG o.s.web.servlet.DispatcherServlet - GET "/webjars/font-awesome/5.11.2/css/fontawesome.min.css", parameters={}
2022-07-19 11:11:52 [http-nio-8080-exec-6] DEBUG o.s.w.s.h.SimpleUrlHandlerMapping - Mapped to ResourceHttpRequestHandler [ServletContext [/webjars/]]
2022-07-19 11:11:52 [http-nio-8080-exec-3] DEBUG o.s.w.s.h.SimpleUrlHandlerMapping - Mapped to ResourceHttpRequestHandler [ServletContext [/webjars/]]
2022-07-19 11:11:52 [http-nio-8080-exec-8] DEBUG o.s.w.s.h.SimpleUrlHandlerMapping - Mapped to ResourceHttpRequestHandler [classpath [static/css/]]
2022-07-19 11:11:52 [http-nio-8080-exec-5] DEBUG o.s.web.servlet.DispatcherServlet - GET "/css/dataTables.bootstrap.min.css", parameters={}
2022-07-19 11:11:52 [http-nio-8080-exec-4] DEBUG o.s.w.s.h.SimpleUrlHandlerMapping - Mapped to ResourceHttpRequestHandler [ServletContext [/webjars/]]
2022-07-19 11:11:52 [http-nio-8080-exec-3] DEBUG o.s.web.servlet.DispatcherServlet - GET "/webjars/bootstrap/4.4.1/css/bootstrap.min.css", parameters={}
2022-07-19 11:11:52 [http-nio-8080-exec-4] DEBUG o.s.web.servlet.DispatcherServlet - GET "/webjars/chart.js/2.9.3/dist/Chart.min.css", parameters={}
2022-07-19 11:11:52 [http-nio-8080-exec-7] DEBUG o.s.w.s.h.SimpleUrlHandlerMapping - Mapped to ResourceHttpRequestHandler [classpath [static/css/]]
2022-07-19 11:11:52 [http-nio-8080-exec-7] DEBUG o.s.web.servlet.DispatcherServlet - GET "/css/image-uploader.min.css", parameters={}
2022-07-19 11:11:52 [http-nio-8080-exec-8] DEBUG o.s.web.servlet.DispatcherServlet - GET "/css/floating-labels.css", parameters={}
2022-07-19 11:11:52 [http-nio-8080-exec-5] DEBUG o.s.w.s.h.SimpleUrlHandlerMapping - Mapped to ResourceHttpRequestHandler [classpath [static/css/]]
2022-07-19 11:11:52 [http-nio-8080-exec-4] DEBUG o.s.w.s.h.SimpleUrlHandlerMapping - Mapped to ResourceHttpRequestHandler [ServletContext [/webjars/]]
2022-07-19 11:11:52 [http-nio-8080-exec-7] DEBUG o.s.w.s.h.SimpleUrlHandlerMapping - Mapped to ResourceHttpRequestHandler [classpath [static/css/]]
2022-07-19 11:11:52 [http-nio-8080-exec-3] DEBUG o.s.w.s.h.SimpleUrlHandlerMapping - Mapped to ResourceHttpRequestHandler [ServletContext [/webjars/]]
2022-07-19 11:11:52 [http-nio-8080-exec-8] DEBUG o.s.w.s.h.SimpleUrlHandlerMapping - Mapped to ResourceHttpRequestHandler [classpath [static/css/]]
2022-07-19 11:11:53 [http-nio-8080-exec-7] DEBUG o.s.web.servlet.DispatcherServlet - Completed 200 OK
2022-07-19 11:11:53 [http-nio-8080-exec-5] DEBUG o.s.web.servlet.DispatcherServlet - Completed 200 OK
2022-07-19 11:11:53 [http-nio-8080-exec-8] DEBUG o.s.web.servlet.DispatcherServlet - Completed 200 OK
2022-07-19 11:11:53 [http-nio-8080-exec-7] DEBUG o.s.w.s.h.SimpleUrlHandlerMapping - Mapped to ResourceHttpRequestHandler [classpath [static/css/]]
2022-07-19 11:11:53 [http-nio-8080-exec-7] DEBUG o.s.web.servlet.DispatcherServlet - GET "/css/myCss.css", parameters={}
2022-07-19 11:11:53 [http-nio-8080-exec-7] DEBUG o.s.w.s.h.SimpleUrlHandlerMapping - Mapped to ResourceHttpRequestHandler [classpath [static/css/]]
2022-07-19 11:11:53 [http-nio-8080-exec-7] DEBUG o.s.web.servlet.DispatcherServlet - Completed 200 OK
2022-07-19 11:11:53 [http-nio-8080-exec-8] DEBUG o.s.w.s.h.SimpleUrlHandlerMapping - Mapped to ResourceHttpRequestHandler [ServletContext [/webjars/]]
2022-07-19 11:11:53 [http-nio-8080-exec-8] DEBUG o.s.web.servlet.DispatcherServlet - GET "/webjars/popper.js/2.5.4/umd/popper.min.js", parameters={}
2022-07-19 11:11:53 [http-nio-8080-exec-8] DEBUG o.s.w.s.h.SimpleUrlHandlerMapping - Mapped to ResourceHttpRequestHandler [ServletContext [/webjars/]]
2022-07-19 11:11:53 [http-nio-8080-exec-5] DEBUG o.s.w.s.h.SimpleUrlHandlerMapping - Mapped to ResourceHttpRequestHandler [ServletContext [/webjars/]]
2022-07-19 11:11:53 [http-nio-8080-exec-5] DEBUG o.s.web.servlet.DispatcherServlet - GET "/webjars/jquery/3.5.1/jquery.slim.min.js", parameters={}
2022-07-19 11:11:53 [http-nio-8080-exec-5] DEBUG o.s.w.s.h.SimpleUrlHandlerMapping - Mapped to ResourceHttpRequestHandler [ServletContext [/webjars/]]
2022-07-19 11:11:53 [http-nio-8080-exec-8] DEBUG o.s.web.servlet.DispatcherServlet - Completed 200 OK
2022-07-19 11:11:53 [http-nio-8080-exec-8] DEBUG o.s.w.s.h.SimpleUrlHandlerMapping - Mapped to ResourceHttpRequestHandler [ServletContext [/webjars/]]
2022-07-19 11:11:53 [http-nio-8080-exec-6] DEBUG o.s.web.servlet.DispatcherServlet - Completed 200 OK
2022-07-19 11:11:53 [http-nio-8080-exec-8] DEBUG o.s.web.servlet.DispatcherServlet - GET "/webjars/font-awesome/5.11.2/js/all.min.js", parameters={}
2022-07-19 11:11:53 [http-nio-8080-exec-8] DEBUG o.s.w.s.h.SimpleUrlHandlerMapping - Mapped to ResourceHttpRequestHandler [ServletContext [/webjars/]]
2022-07-19 11:11:53 [http-nio-8080-exec-4] DEBUG o.s.web.servlet.DispatcherServlet - Completed 200 OK
2022-07-19 11:11:53 [http-nio-8080-exec-5] DEBUG o.s.web.servlet.DispatcherServlet - Completed 200 OK
2022-07-19 11:11:53 [http-nio-8080-exec-9] DEBUG o.s.w.s.h.SimpleUrlHandlerMapping - Mapped to ResourceHttpRequestHandler [ServletContext [/webjars/]]
2022-07-19 11:11:53 [http-nio-8080-exec-9] DEBUG o.s.web.servlet.DispatcherServlet - GET "/webjars/bootstrap/4.4.1/js/bootstrap.min.js", parameters={}
2022-07-19 11:11:53 [http-nio-8080-exec-5] DEBUG o.s.w.s.h.SimpleUrlHandlerMapping - Mapped to ResourceHttpRequestHandler [classpath [static/js/]]
2022-07-19 11:11:53 [http-nio-8080-exec-5] DEBUG o.s.web.servlet.DispatcherServlet - GET "/js/sweetalert.js", parameters={}
2022-07-19 11:11:53 [http-nio-8080-exec-5] DEBUG o.s.w.s.h.SimpleUrlHandlerMapping - Mapped to ResourceHttpRequestHandler [classpath [static/js/]]
2022-07-19 11:11:53 [http-nio-8080-exec-9] DEBUG o.s.w.s.h.SimpleUrlHandlerMapping - Mapped to ResourceHttpRequestHandler [ServletContext [/webjars/]]
2022-07-19 11:11:53 [http-nio-8080-exec-10] DEBUG o.s.w.s.h.SimpleUrlHandlerMapping - Mapped to ResourceHttpRequestHandler [ServletContext [/webjars/]]
2022-07-19 11:11:53 [http-nio-8080-exec-3] DEBUG o.s.web.servlet.DispatcherServlet - Completed 200 OK
2022-07-19 11:11:53 [http-nio-8080-exec-1] DEBUG o.s.w.s.h.SimpleUrlHandlerMapping - Mapped to ResourceHttpRequestHandler [ServletContext [/webjars/]]
2022-07-19 11:11:53 [http-nio-8080-exec-1] DEBUG o.s.web.servlet.DispatcherServlet - GET "/webjars/chart.js/2.9.3/dist/Chart.bundle.min.js", parameters={}
2022-07-19 11:11:53 [http-nio-8080-exec-10] DEBUG o.s.web.servlet.DispatcherServlet - GET "/webjars/chart.js/2.9.3/dist/Chart.min.js", parameters={}
2022-07-19 11:11:53 [http-nio-8080-exec-3] DEBUG o.s.w.s.h.SimpleUrlHandlerMapping - Mapped to ResourceHttpRequestHandler [classpath [static/js/]]
2022-07-19 11:11:53 [http-nio-8080-exec-1] DEBUG o.s.w.s.h.SimpleUrlHandlerMapping - Mapped to ResourceHttpRequestHandler [ServletContext [/webjars/]]
2022-07-19 11:11:53 [http-nio-8080-exec-3] DEBUG o.s.web.servlet.DispatcherServlet - GET "/js/pagination.js", parameters={}
2022-07-19 11:11:53 [http-nio-8080-exec-10] DEBUG o.s.w.s.h.SimpleUrlHandlerMapping - Mapped to ResourceHttpRequestHandler [ServletContext [/webjars/]]
2022-07-19 11:11:53 [http-nio-8080-exec-5] DEBUG o.s.web.servlet.DispatcherServlet - Completed 200 OK
2022-07-19 11:11:53 [http-nio-8080-exec-8] DEBUG o.s.web.servlet.DispatcherServlet - Completed 200 OK
2022-07-19 11:11:53 [http-nio-8080-exec-5] DEBUG o.s.w.s.h.SimpleUrlHandlerMapping - Mapped to ResourceHttpRequestHandler [classpath [static/js/]]
2022-07-19 11:11:53 [http-nio-8080-exec-5] DEBUG o.s.web.servlet.DispatcherServlet - GET "/js/myJs.js", parameters={}
2022-07-19 11:11:53 [http-nio-8080-exec-5] DEBUG o.s.w.s.h.SimpleUrlHandlerMapping - Mapped to ResourceHttpRequestHandler [classpath [static/js/]]
2022-07-19 11:11:53 [http-nio-8080-exec-1] DEBUG o.s.web.servlet.DispatcherServlet - Completed 200 OK
2022-07-19 11:11:53 [http-nio-8080-exec-10] DEBUG o.s.web.servlet.DispatcherServlet - Completed 200 OK
2022-07-19 11:11:53 [http-nio-8080-exec-3] DEBUG o.s.w.s.h.SimpleUrlHandlerMapping - Mapped to ResourceHttpRequestHandler [classpath [static/js/]]
2022-07-19 11:11:53 [http-nio-8080-exec-9] DEBUG o.s.web.servlet.DispatcherServlet - Completed 200 OK
2022-07-19 11:11:53 [http-nio-8080-exec-8] DEBUG o.s.w.s.h.SimpleUrlHandlerMapping - Mapped to ResourceHttpRequestHandler [classpath [static/js/]]
2022-07-19 11:11:53 [http-nio-8080-exec-8] DEBUG o.s.web.servlet.DispatcherServlet - GET "/js/image-uploader.min.js", parameters={}
2022-07-19 11:11:53 [http-nio-8080-exec-8] DEBUG o.s.w.s.h.SimpleUrlHandlerMapping - Mapped to ResourceHttpRequestHandler [classpath [static/js/]]
2022-07-19 11:11:53 [http-nio-8080-exec-5] DEBUG o.s.web.servlet.DispatcherServlet - Completed 200 OK
2022-07-19 11:11:53 [http-nio-8080-exec-8] DEBUG o.s.web.servlet.DispatcherServlet - Completed 200 OK
2022-07-19 11:11:53 [http-nio-8080-exec-3] DEBUG o.s.web.servlet.DispatcherServlet - Completed 200 OK
2022-07-19 11:11:53 [http-nio-8080-exec-2] DEBUG o.s.w.s.h.SimpleUrlHandlerMapping - Mapped to ResourceHttpRequestHandler [classpath [static/img/]]
2022-07-19 11:11:53 [http-nio-8080-exec-2] DEBUG o.s.web.servlet.DispatcherServlet - GET "/img/logging_back.jpeg", parameters={}
2022-07-19 11:11:53 [http-nio-8080-exec-2] DEBUG o.s.w.s.h.SimpleUrlHandlerMapping - Mapped to ResourceHttpRequestHandler [classpath [static/img/]]
2022-07-19 11:11:53 [http-nio-8080-exec-2] DEBUG o.s.web.servlet.DispatcherServlet - Completed 200 OK
2022-07-19 11:11:53 [http-nio-8080-exec-7] DEBUG o.s.w.s.h.SimpleUrlHandlerMapping - Mapped to ResourceHttpRequestHandler [ServletContext [/webjars/]]
2022-07-19 11:11:53 [http-nio-8080-exec-7] DEBUG o.s.web.servlet.DispatcherServlet - GET "/webjars/bootstrap/4.4.1/css/bootstrap.min.css.map", parameters={}
2022-07-19 11:11:53 [http-nio-8080-exec-7] DEBUG o.s.w.s.h.SimpleUrlHandlerMapping - Mapped to ResourceHttpRequestHandler [ServletContext [/webjars/]]
2022-07-19 11:11:53 [http-nio-8080-exec-7] DEBUG o.s.web.servlet.DispatcherServlet - Completed 200 OK
2022-07-19 11:11:53 [http-nio-8080-exec-6] DEBUG o.s.w.s.h.SimpleUrlHandlerMapping - Mapped to ResourceHttpRequestHandler [ServletContext [/webjars/]]
2022-07-19 11:11:53 [http-nio-8080-exec-4] DEBUG o.s.w.s.h.SimpleUrlHandlerMapping - Mapped to ResourceHttpRequestHandler [ServletContext [/webjars/]]
2022-07-19 11:11:53 [http-nio-8080-exec-6] DEBUG o.s.web.servlet.DispatcherServlet - GET "/webjars/bootstrap/4.4.1/js/bootstrap.min.js.map", parameters={}
2022-07-19 11:11:53 [http-nio-8080-exec-4] DEBUG o.s.web.servlet.DispatcherServlet - GET "/webjars/popper.js/2.5.4/umd/popper.min.js.map", parameters={}
2022-07-19 11:11:53 [http-nio-8080-exec-4] DEBUG o.s.w.s.h.SimpleUrlHandlerMapping - Mapped to ResourceHttpRequestHandler [ServletContext [/webjars/]]
2022-07-19 11:11:53 [http-nio-8080-exec-6] DEBUG o.s.w.s.h.SimpleUrlHandlerMapping - Mapped to ResourceHttpRequestHandler [ServletContext [/webjars/]]
2022-07-19 11:11:53 [http-nio-8080-exec-4] DEBUG o.s.web.servlet.DispatcherServlet - Completed 200 OK
2022-07-19 11:11:53 [http-nio-8080-exec-6] DEBUG o.s.web.servlet.DispatcherServlet - Completed 200 OK
2022-07-19 11:11:53 [http-nio-8080-exec-10] DEBUG o.s.w.s.h.SimpleUrlHandlerMapping - Mapped to ResourceHttpRequestHandler [classpath [static/img/]]
2022-07-19 11:11:53 [http-nio-8080-exec-10] DEBUG o.s.web.servlet.DispatcherServlet - GET "/img/favicon.ico", parameters={}
2022-07-19 11:11:53 [http-nio-8080-exec-10] DEBUG o.s.w.s.h.SimpleUrlHandlerMapping - Mapped to ResourceHttpRequestHandler [classpath [static/img/]]
2022-07-19 11:11:53 [http-nio-8080-exec-10] DEBUG o.s.web.servlet.DispatcherServlet - Completed 200 OK
2022-07-19 11:11:54 [http-nio-8080-exec-1] DEBUG o.s.w.s.h.SimpleUrlHandlerMapping - Mapped to ResourceHttpRequestHandler [classpath [static/img/]]
2022-07-19 11:11:54 [http-nio-8080-exec-1] DEBUG o.s.web.servlet.DispatcherServlet - GET "/img/favicon.ico", parameters={}
2022-07-19 11:11:54 [http-nio-8080-exec-1] DEBUG o.s.w.s.h.SimpleUrlHandlerMapping - Mapped to ResourceHttpRequestHandler [classpath [static/img/]]
2022-07-19 11:11:54 [http-nio-8080-exec-1] DEBUG o.s.web.servlet.DispatcherServlet - Completed 200 OK
2022-07-19 11:11:54 [http-nio-8080-exec-9] DEBUG o.s.w.s.h.SimpleUrlHandlerMapping - Mapped to ParameterizableViewController [view="login/login"]
2022-07-19 11:11:54 [http-nio-8080-exec-5] DEBUG o.s.w.s.h.SimpleUrlHandlerMapping - Mapped to ResourceHttpRequestHandler [classpath [static/img/]]
2022-07-19 11:11:54 [http-nio-8080-exec-5] DEBUG o.s.web.servlet.DispatcherServlet - GET "/img/favicon.ico", parameters={}
2022-07-19 11:11:54 [http-nio-8080-exec-5] DEBUG o.s.w.s.h.SimpleUrlHandlerMapping - Mapped to ResourceHttpRequestHandler [classpath [static/img/]]
2022-07-19 11:11:54 [http-nio-8080-exec-5] DEBUG o.s.web.servlet.DispatcherServlet - Completed 200 OK
2022-07-19 11:11:55 [http-nio-8080-exec-8] DEBUG o.s.w.s.m.m.a.RequestMappingHandlerMapping - Mapped to lk.tea_leaves_collector.asset.common_asset.controller.UiController#getHome(Model)
2022-07-19 11:11:55 [http-nio-8080-exec-8] DEBUG o.s.web.servlet.DispatcherServlet - GET "/mainWindow", parameters={}
2022-07-19 11:11:55 [http-nio-8080-exec-8] DEBUG o.s.w.s.m.m.a.RequestMappingHandlerMapping - Mapped to lk.tea_leaves_collector.asset.common_asset.controller.UiController#getHome(Model)
2022-07-19 11:11:55 [http-nio-8080-exec-8] DEBUG o.s.web.servlet.DispatcherServlet - Completed 200 OK
2022-07-19 11:11:55 [http-nio-8080-exec-3] DEBUG o.s.w.s.h.SimpleUrlHandlerMapping - Mapped to ResourceHttpRequestHandler [ServletContext [/webjars/]]
2022-07-19 11:11:55 [http-nio-8080-exec-3] DEBUG o.s.web.servlet.DispatcherServlet - GET "/webjars/bootstrap/4.4.1/css/bootstrap.min.css", parameters={}
2022-07-19 11:11:55 [http-nio-8080-exec-3] DEBUG o.s.w.s.h.SimpleUrlHandlerMapping - Mapped to ResourceHttpRequestHandler [ServletContext [/webjars/]]
2022-07-19 11:11:55 [http-nio-8080-exec-3] DEBUG o.s.web.servlet.DispatcherServlet - Completed 200 OK
2022-07-19 11:11:55 [http-nio-8080-exec-2] DEBUG o.s.w.s.h.SimpleUrlHandlerMapping - Mapped to ResourceHttpRequestHandler [classpath [static/css/]]
2022-07-19 11:11:55 [http-nio-8080-exec-2] DEBUG o.s.web.servlet.DispatcherServlet - GET "/css/floating-labels.css", parameters={}
2022-07-19 11:11:55 [http-nio-8080-exec-2] DEBUG o.s.w.s.h.SimpleUrlHandlerMapping - Mapped to ResourceHttpRequestHandler [classpath [static/css/]]
2022-07-19 11:11:55 [http-nio-8080-exec-2] DEBUG o.s.web.servlet.DispatcherServlet - Completed 200 OK
2022-07-19 11:11:55 [http-nio-8080-exec-7] DEBUG o.s.w.s.h.SimpleUrlHandlerMapping - Mapped to ResourceHttpRequestHandler [classpath [static/css/]]
2022-07-19 11:11:55 [http-nio-8080-exec-7] DEBUG o.s.web.servlet.DispatcherServlet - GET "/css/image-uploader.min.css", parameters={}
2022-07-19 11:11:55 [http-nio-8080-exec-7] DEBUG o.s.w.s.h.SimpleUrlHandlerMapping - Mapped to ResourceHttpRequestHandler [classpath [static/css/]]
2022-07-19 11:11:55 [http-nio-8080-exec-6] DEBUG o.s.w.s.h.SimpleUrlHandlerMapping - Mapped to ResourceHttpRequestHandler [ServletContext [/webjars/]]
2022-07-19 11:11:55 [http-nio-8080-exec-2] DEBUG o.s.w.s.h.SimpleUrlHandlerMapping - Mapped to ResourceHttpRequestHandler [classpath [static/css/]]
2022-07-19 11:11:55 [http-nio-8080-exec-6] DEBUG o.s.web.servlet.DispatcherServlet - GET "/webjars/chart.js/2.9.3/dist/Chart.min.css", parameters={}
2022-07-19 11:11:55 [http-nio-8080-exec-2] DEBUG o.s.web.servlet.DispatcherServlet - GET "/css/dataTables.bootstrap.min.css", parameters={}
2022-07-19 11:11:55 [http-nio-8080-exec-6] DEBUG o.s.w.s.h.SimpleUrlHandlerMapping - Mapped to ResourceHttpRequestHandler [ServletContext [/webjars/]]
2022-07-19 11:11:55 [http-nio-8080-exec-4] DEBUG o.s.w.s.h.SimpleUrlHandlerMapping - Mapped to ResourceHttpRequestHandler [ServletContext [/webjars/]]
2022-07-19 11:11:55 [http-nio-8080-exec-2] DEBUG o.s.w.s.h.SimpleUrlHandlerMapping - Mapped to ResourceHttpRequestHandler [classpath [static/css/]]
2022-07-19 11:11:55 [http-nio-8080-exec-4] DEBUG o.s.web.servlet.DispatcherServlet - GET "/webjars/font-awesome/5.11.2/css/fontawesome.min.css", parameters={}
2022-07-19 11:11:55 [http-nio-8080-exec-10] DEBUG o.s.w.s.h.SimpleUrlHandlerMapping - Mapped to ResourceHttpRequestHandler [classpath [static/css/]]
2022-07-19 11:11:55 [http-nio-8080-exec-4] DEBUG o.s.w.s.h.SimpleUrlHandlerMapping - Mapped to ResourceHttpRequestHandler [ServletContext [/webjars/]]
2022-07-19 11:11:55 [http-nio-8080-exec-6] DEBUG o.s.web.servlet.DispatcherServlet - Completed 200 OK
2022-07-19 11:11:55 [http-nio-8080-exec-10] DEBUG o.s.web.servlet.DispatcherServlet - GET "/css/myCss.css", parameters={}
2022-07-19 11:11:55 [http-nio-8080-exec-2] DEBUG o.s.web.servlet.DispatcherServlet - Completed 200 OK
2022-07-19 11:11:55 [http-nio-8080-exec-10] DEBUG o.s.w.s.h.SimpleUrlHandlerMapping - Mapped to ResourceHttpRequestHandler [classpath [static/css/]]
2022-07-19 11:11:55 [http-nio-8080-exec-7] DEBUG o.s.web.servlet.DispatcherServlet - Completed 200 OK
2022-07-19 11:11:55 [http-nio-8080-exec-10] DEBUG o.s.web.servlet.DispatcherServlet - Completed 200 OK
2022-07-19 11:11:55 [http-nio-8080-exec-7] DEBUG o.s.w.s.h.SimpleUrlHandlerMapping - Mapped to ResourceHttpRequestHandler [ServletContext [/webjars/]]
2022-07-19 11:11:55 [http-nio-8080-exec-2] DEBUG o.s.w.s.h.SimpleUrlHandlerMapping - Mapped to ResourceHttpRequestHandler [ServletContext [/webjars/]]
2022-07-19 11:11:55 [http-nio-8080-exec-7] DEBUG o.s.web.servlet.DispatcherServlet - GET "/webjars/font-awesome/5.11.2/js/all.min.js", parameters={}
2022-07-19 11:11:55 [http-nio-8080-exec-7] DEBUG o.s.w.s.h.SimpleUrlHandlerMapping - Mapped to ResourceHttpRequestHandler [ServletContext [/webjars/]]
2022-07-19 11:11:55 [http-nio-8080-exec-4] DEBUG o.s.web.servlet.DispatcherServlet - Completed 200 OK
2022-07-19 11:11:55 [http-nio-8080-exec-2] DEBUG o.s.web.servlet.DispatcherServlet - GET "/webjars/jquery/3.5.1/jquery.slim.min.js", parameters={}
2022-07-19 11:11:55 [http-nio-8080-exec-4] DEBUG o.s.w.s.h.SimpleUrlHandlerMapping - Mapped to ResourceHttpRequestHandler [ServletContext [/webjars/]]
2022-07-19 11:11:55 [http-nio-8080-exec-2] DEBUG o.s.w.s.h.SimpleUrlHandlerMapping - Mapped to ResourceHttpRequestHandler [ServletContext [/webjars/]]
2022-07-19 11:11:55 [http-nio-8080-exec-4] DEBUG o.s.web.servlet.DispatcherServlet - GET "/webjars/chart.js/2.9.3/dist/Chart.bundle.min.js", parameters={}
2022-07-19 11:11:55 [http-nio-8080-exec-4] DEBUG o.s.w.s.h.SimpleUrlHandlerMapping - Mapped to ResourceHttpRequestHandler [ServletContext [/webjars/]]
2022-07-19 11:11:55 [http-nio-8080-exec-2] DEBUG o.s.web.servlet.DispatcherServlet - Completed 200 OK
2022-07-19 11:11:55 [http-nio-8080-exec-4] DEBUG o.s.web.servlet.DispatcherServlet - Completed 200 OK
2022-07-19 11:11:55 [http-nio-8080-exec-2] DEBUG o.s.w.s.h.SimpleUrlHandlerMapping - Mapped to ResourceHttpRequestHandler [ServletContext [/webjars/]]
2022-07-19 11:11:55 [http-nio-8080-exec-2] DEBUG o.s.web.servlet.DispatcherServlet - GET "/webjars/popper.js/2.5.4/umd/popper.min.js", parameters={}
2022-07-19 11:11:55 [http-nio-8080-exec-2] DEBUG o.s.w.s.h.SimpleUrlHandlerMapping - Mapped to ResourceHttpRequestHandler [ServletContext [/webjars/]]
2022-07-19 11:11:55 [http-nio-8080-exec-2] DEBUG o.s.web.servlet.DispatcherServlet - Completed 200 OK
2022-07-19 11:11:55 [http-nio-8080-exec-9] DEBUG o.s.w.s.h.SimpleUrlHandlerMapping - Mapped to ResourceHttpRequestHandler [ServletContext [/webjars/]]
2022-07-19 11:11:55 [http-nio-8080-exec-6] DEBUG o.s.w.s.h.SimpleUrlHandlerMapping - Mapped to ResourceHttpRequestHandler [ServletContext [/webjars/]]
2022-07-19 11:11:55 [http-nio-8080-exec-9] DEBUG o.s.web.servlet.DispatcherServlet - GET "/webjars/chart.js/2.9.3/dist/Chart.min.js", parameters={}
2022-07-19 11:11:55 [http-nio-8080-exec-6] DEBUG o.s.web.servlet.DispatcherServlet - GET "/webjars/bootstrap/4.4.1/js/bootstrap.min.js", parameters={}
2022-07-19 11:11:55 [http-nio-8080-exec-6] DEBUG o.s.w.s.h.SimpleUrlHandlerMapping - Mapped to ResourceHttpRequestHandler [ServletContext [/webjars/]]
2022-07-19 11:11:55 [http-nio-8080-exec-9] DEBUG o.s.w.s.h.SimpleUrlHandlerMapping - Mapped to ResourceHttpRequestHandler [ServletContext [/webjars/]]
2022-07-19 11:11:55 [http-nio-8080-exec-6] DEBUG o.s.web.servlet.DispatcherServlet - Completed 200 OK
2022-07-19 11:11:55 [http-nio-8080-exec-9] DEBUG o.s.web.servlet.DispatcherServlet - Completed 200 OK
2022-07-19 11:11:55 [http-nio-8080-exec-9] DEBUG o.s.w.s.h.SimpleUrlHandlerMapping - Mapped to ResourceHttpRequestHandler [classpath [static/js/]]
2022-07-19 11:11:55 [http-nio-8080-exec-1] DEBUG o.s.w.s.h.SimpleUrlHandlerMapping - Mapped to ResourceHttpRequestHandler [classpath [static/js/]]
2022-07-19 11:11:55 [http-nio-8080-exec-9] DEBUG o.s.web.servlet.DispatcherServlet - GET "/js/pagination.js", parameters={}
2022-07-19 11:11:55 [http-nio-8080-exec-1] DEBUG o.s.web.servlet.DispatcherServlet - GET "/js/sweetalert.js", parameters={}
2022-07-19 11:11:55 [http-nio-8080-exec-1] DEBUG o.s.w.s.h.SimpleUrlHandlerMapping - Mapped to ResourceHttpRequestHandler [classpath [static/js/]]
2022-07-19 11:11:55 [http-nio-8080-exec-9] DEBUG o.s.w.s.h.SimpleUrlHandlerMapping - Mapped to ResourceHttpRequestHandler [classpath [static/js/]]
2022-07-19 11:11:55 [http-nio-8080-exec-1] DEBUG o.s.web.servlet.DispatcherServlet - Completed 200 OK
2022-07-19 11:11:55 [http-nio-8080-exec-6] DEBUG o.s.w.s.h.SimpleUrlHandlerMapping - Mapped to ResourceHttpRequestHandler [classpath [static/js/]]
2022-07-19 11:11:55 [http-nio-8080-exec-6] DEBUG o.s.web.servlet.DispatcherServlet - GET "/js/image-uploader.min.js", parameters={}
2022-07-19 11:11:55 [http-nio-8080-exec-9] DEBUG o.s.web.servlet.DispatcherServlet - Completed 200 OK
2022-07-19 11:11:55 [http-nio-8080-exec-6] DEBUG o.s.w.s.h.SimpleUrlHandlerMapping - Mapped to ResourceHttpRequestHandler [classpath [static/js/]]
2022-07-19 11:11:55 [http-nio-8080-exec-10] DEBUG o.s.w.s.h.SimpleUrlHandlerMapping - Mapped to ResourceHttpRequestHandler [classpath [static/js/]]
2022-07-19 11:11:55 [http-nio-8080-exec-10] DEBUG o.s.web.servlet.DispatcherServlet - GET "/js/myJs.js", parameters={}
2022-07-19 11:11:55 [http-nio-8080-exec-6] DEBUG o.s.web.servlet.DispatcherServlet - Completed 200 OK
2022-07-19 11:11:55 [http-nio-8080-exec-10] DEBUG o.s.w.s.h.SimpleUrlHandlerMapping - Mapped to ResourceHttpRequestHandler [classpath [static/js/]]
2022-07-19 11:11:55 [http-nio-8080-exec-10] DEBUG o.s.web.servlet.DispatcherServlet - Completed 200 OK
2022-07-19 11:11:55 [http-nio-8080-exec-7] DEBUG o.s.web.servlet.DispatcherServlet - Completed 200 OK
2022-07-19 11:11:55 [http-nio-8080-exec-4] DEBUG o.s.w.s.h.SimpleUrlHandlerMapping - Mapped to ResourceHttpRequestHandler [classpath [static/img/]]
2022-07-19 11:11:55 [http-nio-8080-exec-4] DEBUG o.s.web.servlet.DispatcherServlet - GET "/img/mainwindow.jpeg", parameters={}
2022-07-19 11:11:55 [http-nio-8080-exec-4] DEBUG o.s.w.s.h.SimpleUrlHandlerMapping - Mapped to ResourceHttpRequestHandler [classpath [static/img/]]
2022-07-19 11:11:55 [http-nio-8080-exec-4] DEBUG o.s.web.servlet.DispatcherServlet - Completed 200 OK
2022-07-19 11:11:55 [http-nio-8080-exec-2] DEBUG o.s.w.s.h.SimpleUrlHandlerMapping - Mapped to ResourceHttpRequestHandler [ServletContext [/webjars/]]
2022-07-19 11:11:55 [http-nio-8080-exec-2] DEBUG o.s.web.servlet.DispatcherServlet - GET "/webjars/bootstrap/4.4.1/css/bootstrap.min.css.map", parameters={}
2022-07-19 11:11:55 [http-nio-8080-exec-2] DEBUG o.s.w.s.h.SimpleUrlHandlerMapping - Mapped to ResourceHttpRequestHandler [ServletContext [/webjars/]]
2022-07-19 11:11:55 [http-nio-8080-exec-2] DEBUG o.s.web.servlet.DispatcherServlet - Completed 200 OK
2022-07-19 11:11:55 [http-nio-8080-exec-3] DEBUG o.s.w.s.h.SimpleUrlHandlerMapping - Mapped to ResourceHttpRequestHandler [ServletContext [/webjars/]]
2022-07-19 11:11:55 [http-nio-8080-exec-8] DEBUG o.s.w.s.h.SimpleUrlHandlerMapping - Mapped to ResourceHttpRequestHandler [ServletContext [/webjars/]]
2022-07-19 11:11:55 [http-nio-8080-exec-3] DEBUG o.s.web.servlet.DispatcherServlet - GET "/webjars/bootstrap/4.4.1/js/bootstrap.min.js.map", parameters={}
2022-07-19 11:11:55 [http-nio-8080-exec-8] DEBUG o.s.web.servlet.DispatcherServlet - GET "/webjars/popper.js/2.5.4/umd/popper.min.js.map", parameters={}
2022-07-19 11:11:55 [http-nio-8080-exec-3] DEBUG o.s.w.s.h.SimpleUrlHandlerMapping - Mapped to ResourceHttpRequestHandler [ServletContext [/webjars/]]
2022-07-19 11:11:55 [http-nio-8080-exec-8] DEBUG o.s.w.s.h.SimpleUrlHandlerMapping - Mapped to ResourceHttpRequestHandler [ServletContext [/webjars/]]
2022-07-19 11:11:55 [http-nio-8080-exec-8] DEBUG o.s.web.servlet.DispatcherServlet - Completed 200 OK
2022-07-19 11:11:55 [http-nio-8080-exec-3] DEBUG o.s.web.servlet.DispatcherServlet - Completed 200 OK
2022-07-19 11:11:55 [http-nio-8080-exec-1] DEBUG o.s.w.s.h.SimpleUrlHandlerMapping - Mapped to ResourceHttpRequestHandler [classpath [static/img/]]
2022-07-19 11:11:55 [http-nio-8080-exec-1] DEBUG o.s.web.servlet.DispatcherServlet - GET "/img/favicon.ico", parameters={}
2022-07-19 11:11:55 [http-nio-8080-exec-1] DEBUG o.s.w.s.h.SimpleUrlHandlerMapping - Mapped to ResourceHttpRequestHandler [classpath [static/img/]]
2022-07-19 11:11:55 [http-nio-8080-exec-1] DEBUG o.s.web.servlet.DispatcherServlet - Completed 200 OK
2022-07-19 11:11:56 [http-nio-8080-exec-5] DEBUG o.s.w.s.h.SimpleUrlHandlerMapping - Mapped to ResourceHttpRequestHandler [classpath [static/img/]]
2022-07-19 11:11:56 [http-nio-8080-exec-5] DEBUG o.s.web.servlet.DispatcherServlet - GET "/img/favicon.ico", parameters={}
2022-07-19 11:11:56 [http-nio-8080-exec-5] DEBUG o.s.w.s.h.SimpleUrlHandlerMapping - Mapped to ResourceHttpRequestHandler [classpath [static/img/]]
2022-07-19 11:11:56 [http-nio-8080-exec-5] DEBUG o.s.web.servlet.DispatcherServlet - Completed 200 OK
